{"/Users/Taeng/BuddyPlan/hooks/useSubscription.ts": {"path":"/Users/Taeng/BuddyPlan/hooks/useSubscription.ts","statementMap":{"0":{"start":{"line":16,"column":26},"end":{"line":16,"column":48}},"1":{"start":{"line":17,"column":48},"end":{"line":17,"column":89}},"2":{"start":{"line":18,"column":32},"end":{"line":18,"column":46}},"3":{"start":{"line":20,"column":15},"end":{"line":25,"column":17}},"4":{"start":{"line":21,"column":19},"end":{"line":21,"column":84}},"5":{"start":{"line":22,"column":4},"end":{"line":22,"column":14}},"6":{"start":{"line":23,"column":4},"end":{"line":23,"column":25}},"7":{"start":{"line":24,"column":4},"end":{"line":24,"column":21}},"8":{"start":{"line":27,"column":2},"end":{"line":27,"column":37}},"9":{"start":{"line":27,"column":20},"end":{"line":27,"column":26}},"10":{"start":{"line":29,"column":22},"end":{"line":29,"column":60}},"11":{"start":{"line":30,"column":22},"end":{"line":30,"column":37}},"12":{"start":{"line":31,"column":22},"end":{"line":31,"column":37}},"13":{"start":{"line":33,"column":2},"end":{"line":33,"column":121}}},"fnMap":{"0":{"name":"useSubscription","decl":{"start":{"line":15,"column":16},"end":{"line":15,"column":31}},"loc":{"start":{"line":15,"column":72},"end":{"line":34,"column":1}},"line":15},"1":{"name":"(anonymous_1)","decl":{"start":{"line":20,"column":27},"end":{"line":20,"column":28}},"loc":{"start":{"line":20,"column":39},"end":{"line":25,"column":3}},"line":20},"2":{"name":"(anonymous_2)","decl":{"start":{"line":27,"column":12},"end":{"line":27,"column":13}},"loc":{"start":{"line":27,"column":18},"end":{"line":27,"column":28}},"line":27}},"branchMap":{"0":{"loc":{"start":{"line":29,"column":22},"end":{"line":29,"column":60}},"type":"binary-expr","locations":[{"start":{"line":29,"column":22},"end":{"line":29,"column":37}},{"start":{"line":29,"column":41},"end":{"line":29,"column":60}}],"line":29}},"s":{"0":0,"1":0,"2":0,"3":0,"4":0,"5":0,"6":0,"7":0,"8":0,"9":0,"10":0,"11":0,"12":0,"13":0},"f":{"0":0,"1":0,"2":0},"b":{"0":[0,0]}}
,"/Users/Taeng/BuddyPlan/hooks/useThemeColors.ts": {"path":"/Users/Taeng/BuddyPlan/hooks/useThemeColors.ts","statementMap":{"0":{"start":{"line":8,"column":21},"end":{"line":8,"column":31}},"1":{"start":{"line":9,"column":2},"end":{"line":26,"column":14}},"2":{"start":{"line":10,"column":18},"end":{"line":10,"column":46}},"3":{"start":{"line":11,"column":4},"end":{"line":25,"column":5}}},"fnMap":{"0":{"name":"useThemeColors","decl":{"start":{"line":7,"column":16},"end":{"line":7,"column":30}},"loc":{"start":{"line":7,"column":33},"end":{"line":27,"column":1}},"line":7},"1":{"name":"(anonymous_1)","decl":{"start":{"line":9,"column":17},"end":{"line":9,"column":18}},"loc":{"start":{"line":9,"column":23},"end":{"line":26,"column":3}},"line":9}},"branchMap":{"0":{"loc":{"start":{"line":10,"column":18},"end":{"line":10,"column":46}},"type":"cond-expr","locations":[{"start":{"line":10,"column":27},"end":{"line":10,"column":37}},{"start":{"line":10,"column":40},"end":{"line":10,"column":46}}],"line":10}},"s":{"0":0,"1":0,"2":0,"3":0},"f":{"0":0,"1":0},"b":{"0":[0,0]}}
,"/Users/Taeng/BuddyPlan/lib/api-client.ts": {"path":"/Users/Taeng/BuddyPlan/lib/api-client.ts","statementMap":{"0":{"start":{"line":7,"column":17},"end":{"line":7,"column":75}},"1":{"start":{"line":10,"column":19},"end":{"line":10,"column":51}},"2":{"start":{"line":11,"column":16},"end":{"line":11,"column":42}},"3":{"start":{"line":12,"column":2},"end":{"line":12,"column":59}},"4":{"start":{"line":16,"column":21},"end":{"line":16,"column":42}},"5":{"start":{"line":17,"column":42},"end":{"line":21,"column":3}},"6":{"start":{"line":23,"column":14},"end":{"line":23,"column":72}},"7":{"start":{"line":25,"column":2},"end":{"line":28,"column":3}},"8":{"start":{"line":26,"column":16},"end":{"line":26,"column":75}},"9":{"start":{"line":26,"column":46},"end":{"line":26,"column":73}},"10":{"start":{"line":27,"column":4},"end":{"line":27,"column":55}},"11":{"start":{"line":30,"column":2},"end":{"line":30,"column":20}},"12":{"start":{"line":35,"column":23},"end":{"line":48,"column":1}},"13":{"start":{"line":37,"column":4},"end":{"line":40,"column":6}},"14":{"start":{"line":42,"column":4},"end":{"line":45,"column":6}},"15":{"start":{"line":46,"column":16},"end":{"line":46,"column":63}},"16":{"start":{"line":47,"column":12},"end":{"line":47,"column":35}},"17":{"start":{"line":52,"column":26},"end":{"line":65,"column":1}},"18":{"start":{"line":53,"column":27},"end":{"line":53,"column":60}},"19":{"start":{"line":55,"column":4},"end":{"line":58,"column":6}},"20":{"start":{"line":59,"column":38},"end":{"line":59,"column":83}},"21":{"start":{"line":61,"column":4},"end":{"line":64,"column":6}},"22":{"start":{"line":69,"column":24},"end":{"line":73,"column":1}},"23":{"start":{"line":71,"column":4},"end":{"line":71,"column":68}},"24":{"start":{"line":72,"column":27},"end":{"line":72,"column":54}},"25":{"start":{"line":77,"column":26},"end":{"line":99,"column":1}},"26":{"start":{"line":85,"column":4},"end":{"line":88,"column":6}},"27":{"start":{"line":95,"column":4},"end":{"line":98,"column":6}},"28":{"start":{"line":103,"column":32},"end":{"line":109,"column":1}},"29":{"start":{"line":105,"column":4},"end":{"line":108,"column":6}}},"fnMap":{"0":{"name":"getAuthHeader","decl":{"start":{"line":9,"column":15},"end":{"line":9,"column":28}},"loc":{"start":{"line":9,"column":64},"end":{"line":13,"column":1}},"line":9},"1":{"name":"request","decl":{"start":{"line":15,"column":15},"end":{"line":15,"column":22}},"loc":{"start":{"line":15,"column":79},"end":{"line":31,"column":1}},"line":15},"2":{"name":"(anonymous_2)","decl":{"start":{"line":26,"column":39},"end":{"line":26,"column":40}},"loc":{"start":{"line":26,"column":46},"end":{"line":26,"column":73}},"line":26},"3":{"name":"(anonymous_3)","decl":{"start":{"line":36,"column":12},"end":{"line":36,"column":13}},"loc":{"start":{"line":37,"column":4},"end":{"line":40,"column":6}},"line":37},"4":{"name":"(anonymous_4)","decl":{"start":{"line":41,"column":9},"end":{"line":41,"column":10}},"loc":{"start":{"line":42,"column":4},"end":{"line":45,"column":6}},"line":42},"5":{"name":"(anonymous_5)","decl":{"start":{"line":46,"column":10},"end":{"line":46,"column":11}},"loc":{"start":{"line":46,"column":16},"end":{"line":46,"column":63}},"line":46},"6":{"name":"(anonymous_6)","decl":{"start":{"line":47,"column":6},"end":{"line":47,"column":7}},"loc":{"start":{"line":47,"column":12},"end":{"line":47,"column":35}},"line":47},"7":{"name":"(anonymous_7)","decl":{"start":{"line":53,"column":7},"end":{"line":53,"column":8}},"loc":{"start":{"line":53,"column":27},"end":{"line":53,"column":60}},"line":53},"8":{"name":"(anonymous_8)","decl":{"start":{"line":54,"column":10},"end":{"line":54,"column":11}},"loc":{"start":{"line":55,"column":4},"end":{"line":58,"column":6}},"line":55},"9":{"name":"(anonymous_9)","decl":{"start":{"line":59,"column":18},"end":{"line":59,"column":19}},"loc":{"start":{"line":59,"column":38},"end":{"line":59,"column":83}},"line":59},"10":{"name":"(anonymous_10)","decl":{"start":{"line":60,"column":21},"end":{"line":60,"column":22}},"loc":{"start":{"line":61,"column":4},"end":{"line":64,"column":6}},"line":61},"11":{"name":"(anonymous_11)","decl":{"start":{"line":70,"column":10},"end":{"line":70,"column":11}},"loc":{"start":{"line":71,"column":4},"end":{"line":71,"column":68}},"line":71},"12":{"name":"(anonymous_12)","decl":{"start":{"line":72,"column":11},"end":{"line":72,"column":12}},"loc":{"start":{"line":72,"column":27},"end":{"line":72,"column":54}},"line":72},"13":{"name":"(anonymous_13)","decl":{"start":{"line":78,"column":12},"end":{"line":78,"column":13}},"loc":{"start":{"line":85,"column":4},"end":{"line":88,"column":6}},"line":85},"14":{"name":"(anonymous_14)","decl":{"start":{"line":89,"column":12},"end":{"line":89,"column":13}},"loc":{"start":{"line":95,"column":4},"end":{"line":98,"column":6}},"line":95},"15":{"name":"(anonymous_15)","decl":{"start":{"line":104,"column":8},"end":{"line":104,"column":9}},"loc":{"start":{"line":105,"column":4},"end":{"line":108,"column":6}},"line":105}},"branchMap":{"0":{"loc":{"start":{"line":7,"column":17},"end":{"line":7,"column":75}},"type":"binary-expr","locations":[{"start":{"line":7,"column":17},"end":{"line":7,"column":48}},{"start":{"line":7,"column":52},"end":{"line":7,"column":75}}],"line":7},"1":{"loc":{"start":{"line":12,"column":9},"end":{"line":12,"column":58}},"type":"cond-expr","locations":[{"start":{"line":12,"column":17},"end":{"line":12,"column":53}},{"start":{"line":12,"column":56},"end":{"line":12,"column":58}}],"line":12},"2":{"loc":{"start":{"line":15,"column":40},"end":{"line":15,"column":65}},"type":"default-arg","locations":[{"start":{"line":15,"column":63},"end":{"line":15,"column":65}}],"line":15},"3":{"loc":{"start":{"line":25,"column":2},"end":{"line":28,"column":3}},"type":"if","locations":[{"start":{"line":25,"column":2},"end":{"line":28,"column":3}},{"start":{},"end":{}}],"line":25},"4":{"loc":{"start":{"line":27,"column":20},"end":{"line":27,"column":53}},"type":"binary-expr","locations":[{"start":{"line":27,"column":20},"end":{"line":27,"column":29}},{"start":{"line":27,"column":33},"end":{"line":27,"column":53}}],"line":27},"5":{"loc":{"start":{"line":71,"column":26},"end":{"line":71,"column":65}},"type":"cond-expr","locations":[{"start":{"line":71,"column":37},"end":{"line":71,"column":60}},{"start":{"line":71,"column":63},"end":{"line":71,"column":65}}],"line":71}},"s":{"0":0,"1":0,"2":0,"3":0,"4":0,"5":0,"6":0,"7":0,"8":0,"9":0,"10":0,"11":0,"12":0,"13":0,"14":0,"15":0,"16":0,"17":0,"18":0,"19":0,"20":0,"21":0,"22":0,"23":0,"24":0,"25":0,"26":0,"27":0,"28":0,"29":0},"f":{"0":0,"1":0,"2":0,"3":0,"4":0,"5":0,"6":0,"7":0,"8":0,"9":0,"10":0,"11":0,"12":0,"13":0,"14":0,"15":0},"b":{"0":[0,0],"1":[0,0],"2":[0],"3":[0,0],"4":[0,0],"5":[0,0]}}
,"/Users/Taeng/BuddyPlan/lib/auth.ts": {"path":"/Users/Taeng/BuddyPlan/lib/auth.ts","statementMap":{"0":{"start":{"line":5,"column":0},"end":{"line":5,"column":37}},"1":{"start":{"line":8,"column":26},"end":{"line":12,"column":4}},"2":{"start":{"line":13,"column":2},"end":{"line":13,"column":24}},"3":{"start":{"line":13,"column":13},"end":{"line":13,"column":24}},"4":{"start":{"line":14,"column":2},"end":{"line":14,"column":13}},"5":{"start":{"line":18,"column":26},"end":{"line":18,"column":85}},"6":{"start":{"line":19,"column":2},"end":{"line":19,"column":24}},"7":{"start":{"line":19,"column":13},"end":{"line":19,"column":24}},"8":{"start":{"line":20,"column":2},"end":{"line":20,"column":13}},"9":{"start":{"line":24,"column":20},"end":{"line":24,"column":49}},"10":{"start":{"line":25,"column":2},"end":{"line":25,"column":24}},"11":{"start":{"line":25,"column":13},"end":{"line":25,"column":24}},"12":{"start":{"line":29,"column":19},"end":{"line":29,"column":51}},"13":{"start":{"line":30,"column":2},"end":{"line":30,"column":21}},"14":{"start":{"line":34,"column":19},"end":{"line":34,"column":48}},"15":{"start":{"line":35,"column":2},"end":{"line":35,"column":18}},"16":{"start":{"line":39,"column":21},"end":{"line":39,"column":56}},"17":{"start":{"line":41,"column":26},"end":{"line":47,"column":4}},"18":{"start":{"line":49,"column":2},"end":{"line":49,"column":24}},"19":{"start":{"line":49,"column":13},"end":{"line":49,"column":24}},"20":{"start":{"line":50,"column":2},"end":{"line":50,"column":70}},"21":{"start":{"line":50,"column":18},"end":{"line":50,"column":70}},"22":{"start":{"line":52,"column":17},"end":{"line":52,"column":76}},"23":{"start":{"line":53,"column":2},"end":{"line":53,"column":44}},"24":{"start":{"line":53,"column":33},"end":{"line":53,"column":44}},"25":{"start":{"line":55,"column":34},"end":{"line":55,"column":88}},"26":{"start":{"line":56,"column":2},"end":{"line":56,"column":38}},"27":{"start":{"line":56,"column":20},"end":{"line":56,"column":38}},"28":{"start":{"line":58,"column":32},"end":{"line":58,"column":64}},"29":{"start":{"line":59,"column":2},"end":{"line":59,"column":28}}},"fnMap":{"0":{"name":"signUp","decl":{"start":{"line":7,"column":22},"end":{"line":7,"column":28}},"loc":{"start":{"line":7,"column":76},"end":{"line":15,"column":1}},"line":7},"1":{"name":"signIn","decl":{"start":{"line":17,"column":22},"end":{"line":17,"column":28}},"loc":{"start":{"line":17,"column":62},"end":{"line":21,"column":1}},"line":17},"2":{"name":"signOut","decl":{"start":{"line":23,"column":22},"end":{"line":23,"column":29}},"loc":{"start":{"line":23,"column":32},"end":{"line":26,"column":1}},"line":23},"3":{"name":"getSession","decl":{"start":{"line":28,"column":22},"end":{"line":28,"column":32}},"loc":{"start":{"line":28,"column":35},"end":{"line":31,"column":1}},"line":28},"4":{"name":"getCurrentUser","decl":{"start":{"line":33,"column":22},"end":{"line":33,"column":36}},"loc":{"start":{"line":33,"column":39},"end":{"line":36,"column":1}},"line":33},"5":{"name":"signInWithProvider","decl":{"start":{"line":38,"column":22},"end":{"line":38,"column":40}},"loc":{"start":{"line":38,"column":84},"end":{"line":60,"column":1}},"line":38}},"branchMap":{"0":{"loc":{"start":{"line":13,"column":2},"end":{"line":13,"column":24}},"type":"if","locations":[{"start":{"line":13,"column":2},"end":{"line":13,"column":24}},{"start":{},"end":{}}],"line":13},"1":{"loc":{"start":{"line":19,"column":2},"end":{"line":19,"column":24}},"type":"if","locations":[{"start":{"line":19,"column":2},"end":{"line":19,"column":24}},{"start":{},"end":{}}],"line":19},"2":{"loc":{"start":{"line":25,"column":2},"end":{"line":25,"column":24}},"type":"if","locations":[{"start":{"line":25,"column":2},"end":{"line":25,"column":24}},{"start":{},"end":{}}],"line":25},"3":{"loc":{"start":{"line":49,"column":2},"end":{"line":49,"column":24}},"type":"if","locations":[{"start":{"line":49,"column":2},"end":{"line":49,"column":24}},{"start":{},"end":{}}],"line":49},"4":{"loc":{"start":{"line":50,"column":2},"end":{"line":50,"column":70}},"type":"if","locations":[{"start":{"line":50,"column":2},"end":{"line":50,"column":70}},{"start":{},"end":{}}],"line":50},"5":{"loc":{"start":{"line":53,"column":2},"end":{"line":53,"column":44}},"type":"if","locations":[{"start":{"line":53,"column":2},"end":{"line":53,"column":44}},{"start":{},"end":{}}],"line":53},"6":{"loc":{"start":{"line":56,"column":2},"end":{"line":56,"column":38}},"type":"if","locations":[{"start":{"line":56,"column":2},"end":{"line":56,"column":38}},{"start":{},"end":{}}],"line":56}},"s":{"0":0,"1":0,"2":0,"3":0,"4":0,"5":0,"6":0,"7":0,"8":0,"9":0,"10":0,"11":0,"12":0,"13":0,"14":0,"15":0,"16":0,"17":0,"18":0,"19":0,"20":0,"21":0,"22":0,"23":0,"24":0,"25":0,"26":0,"27":0,"28":0,"29":0},"f":{"0":0,"1":0,"2":0,"3":0,"4":0,"5":0},"b":{"0":[0,0],"1":[0,0],"2":[0,0],"3":[0,0],"4":[0,0],"5":[0,0],"6":[0,0]}}
,"/Users/Taeng/BuddyPlan/lib/db.ts": {"path":"/Users/Taeng/BuddyPlan/lib/db.ts","statementMap":{"0":{"start":{"line":10,"column":25},"end":{"line":10,"column":45}},"1":{"start":{"line":11,"column":25},"end":{"line":11,"column":42}},"2":{"start":{"line":12,"column":25},"end":{"line":12,"column":46}},"3":{"start":{"line":13,"column":25},"end":{"line":13,"column":47}},"4":{"start":{"line":14,"column":25},"end":{"line":14,"column":43}},"5":{"start":{"line":15,"column":25},"end":{"line":15,"column":51}},"6":{"start":{"line":16,"column":25},"end":{"line":16,"column":43}},"7":{"start":{"line":21,"column":19},"end":{"line":21,"column":48}},"8":{"start":{"line":22,"column":2},"end":{"line":22,"column":30}},"9":{"start":{"line":28,"column":2},"end":{"line":28,"column":66}},"10":{"start":{"line":30,"column":17},"end":{"line":30,"column":34}},"11":{"start":{"line":31,"column":2},"end":{"line":31,"column":21}},"12":{"start":{"line":31,"column":15},"end":{"line":31,"column":21}},"13":{"start":{"line":33,"column":2},"end":{"line":41,"column":22}},"14":{"start":{"line":41,"column":17},"end":{"line":41,"column":21}},"15":{"start":{"line":45,"column":17},"end":{"line":45,"column":34}},"16":{"start":{"line":47,"column":2},"end":{"line":64,"column":3}},"17":{"start":{"line":48,"column":4},"end":{"line":63,"column":5}},"18":{"start":{"line":49,"column":19},"end":{"line":49,"column":54}},"19":{"start":{"line":50,"column":35},"end":{"line":58,"column":7}},"20":{"start":{"line":59,"column":6},"end":{"line":59,"column":70}},"21":{"start":{"line":60,"column":6},"end":{"line":60,"column":20}},"22":{"start":{"line":66,"column":14},"end":{"line":66,"column":53}},"23":{"start":{"line":67,"column":2},"end":{"line":67,"column":23}},"24":{"start":{"line":67,"column":12},"end":{"line":67,"column":23}},"25":{"start":{"line":68,"column":2},"end":{"line":72,"column":3}},"26":{"start":{"line":69,"column":4},"end":{"line":69,"column":41}},"27":{"start":{"line":71,"column":4},"end":{"line":71,"column":15}},"28":{"start":{"line":78,"column":2},"end":{"line":78,"column":60}},"29":{"start":{"line":80,"column":17},"end":{"line":80,"column":34}},"30":{"start":{"line":81,"column":2},"end":{"line":81,"column":21}},"31":{"start":{"line":81,"column":15},"end":{"line":81,"column":21}},"32":{"start":{"line":84,"column":2},"end":{"line":87,"column":22}},"33":{"start":{"line":87,"column":17},"end":{"line":87,"column":21}},"34":{"start":{"line":91,"column":17},"end":{"line":91,"column":34}},"35":{"start":{"line":93,"column":2},"end":{"line":104,"column":3}},"36":{"start":{"line":94,"column":4},"end":{"line":103,"column":5}},"37":{"start":{"line":95,"column":20},"end":{"line":95,"column":66}},"38":{"start":{"line":96,"column":6},"end":{"line":100,"column":7}},"39":{"start":{"line":97,"column":21},"end":{"line":97,"column":50}},"40":{"start":{"line":98,"column":8},"end":{"line":98,"column":66}},"41":{"start":{"line":99,"column":8},"end":{"line":99,"column":19}},"42":{"start":{"line":106,"column":14},"end":{"line":106,"column":50}},"43":{"start":{"line":107,"column":2},"end":{"line":107,"column":23}},"44":{"start":{"line":107,"column":12},"end":{"line":107,"column":23}},"45":{"start":{"line":108,"column":2},"end":{"line":112,"column":3}},"46":{"start":{"line":109,"column":4},"end":{"line":109,"column":38}},"47":{"start":{"line":111,"column":4},"end":{"line":111,"column":15}},"48":{"start":{"line":118,"column":2},"end":{"line":118,"column":67}},"49":{"start":{"line":120,"column":17},"end":{"line":120,"column":34}},"50":{"start":{"line":121,"column":2},"end":{"line":121,"column":21}},"51":{"start":{"line":121,"column":15},"end":{"line":121,"column":21}},"52":{"start":{"line":123,"column":2},"end":{"line":126,"column":22}},"53":{"start":{"line":126,"column":17},"end":{"line":126,"column":21}},"54":{"start":{"line":130,"column":17},"end":{"line":130,"column":34}},"55":{"start":{"line":132,"column":2},"end":{"line":141,"column":3}},"56":{"start":{"line":133,"column":4},"end":{"line":140,"column":5}},"57":{"start":{"line":134,"column":20},"end":{"line":134,"column":66}},"58":{"start":{"line":135,"column":6},"end":{"line":137,"column":7}},"59":{"start":{"line":136,"column":8},"end":{"line":136,"column":64}},"60":{"start":{"line":143,"column":14},"end":{"line":143,"column":54}},"61":{"start":{"line":144,"column":2},"end":{"line":144,"column":21}},"62":{"start":{"line":144,"column":12},"end":{"line":144,"column":21}},"63":{"start":{"line":145,"column":2},"end":{"line":149,"column":3}},"64":{"start":{"line":146,"column":4},"end":{"line":146,"column":53}},"65":{"start":{"line":148,"column":4},"end":{"line":148,"column":13}},"66":{"start":{"line":156,"column":17},"end":{"line":156,"column":34}},"67":{"start":{"line":157,"column":2},"end":{"line":157,"column":21}},"68":{"start":{"line":157,"column":15},"end":{"line":157,"column":21}},"69":{"start":{"line":158,"column":2},"end":{"line":161,"column":22}},"70":{"start":{"line":161,"column":17},"end":{"line":161,"column":21}},"71":{"start":{"line":165,"column":17},"end":{"line":165,"column":34}},"72":{"start":{"line":166,"column":2},"end":{"line":166,"column":26}},"73":{"start":{"line":166,"column":15},"end":{"line":166,"column":26}},"74":{"start":{"line":167,"column":2},"end":{"line":172,"column":3}},"75":{"start":{"line":168,"column":17},"end":{"line":168,"column":56}},"76":{"start":{"line":169,"column":4},"end":{"line":169,"column":42}},"77":{"start":{"line":171,"column":4},"end":{"line":171,"column":15}},"78":{"start":{"line":178,"column":2},"end":{"line":178,"column":68}},"79":{"start":{"line":179,"column":2},"end":{"line":179,"column":46}},"80":{"start":{"line":183,"column":17},"end":{"line":183,"column":38}},"81":{"start":{"line":184,"column":2},"end":{"line":188,"column":3}},"82":{"start":{"line":185,"column":16},"end":{"line":185,"column":44}},"83":{"start":{"line":186,"column":4},"end":{"line":186,"column":66}},"84":{"start":{"line":187,"column":4},"end":{"line":187,"column":14}},"85":{"start":{"line":189,"column":14},"end":{"line":189,"column":55}},"86":{"start":{"line":190,"column":2},"end":{"line":190,"column":21}},"87":{"start":{"line":190,"column":12},"end":{"line":190,"column":21}},"88":{"start":{"line":191,"column":2},"end":{"line":191,"column":64}},"89":{"start":{"line":191,"column":8},"end":{"line":191,"column":42}},"90":{"start":{"line":191,"column":53},"end":{"line":191,"column":62}},"91":{"start":{"line":197,"column":2},"end":{"line":197,"column":46}},"92":{"start":{"line":198,"column":2},"end":{"line":198,"column":33}},"93":{"start":{"line":202,"column":17},"end":{"line":202,"column":38}},"94":{"start":{"line":203,"column":2},"end":{"line":207,"column":3}},"95":{"start":{"line":204,"column":14},"end":{"line":204,"column":46}},"96":{"start":{"line":205,"column":4},"end":{"line":205,"column":44}},"97":{"start":{"line":206,"column":4},"end":{"line":206,"column":12}},"98":{"start":{"line":208,"column":14},"end":{"line":208,"column":51}},"99":{"start":{"line":209,"column":2},"end":{"line":209,"column":41}},"100":{"start":{"line":215,"column":2},"end":{"line":215,"column":62}},"101":{"start":{"line":216,"column":2},"end":{"line":216,"column":53}},"102":{"start":{"line":220,"column":17},"end":{"line":220,"column":38}},"103":{"start":{"line":221,"column":2},"end":{"line":225,"column":3}},"104":{"start":{"line":222,"column":14},"end":{"line":222,"column":49}},"105":{"start":{"line":223,"column":4},"end":{"line":223,"column":60}},"106":{"start":{"line":224,"column":4},"end":{"line":224,"column":12}},"107":{"start":{"line":226,"column":14},"end":{"line":226,"column":51}},"108":{"start":{"line":227,"column":2},"end":{"line":227,"column":23}},"109":{"start":{"line":227,"column":12},"end":{"line":227,"column":23}},"110":{"start":{"line":228,"column":2},"end":{"line":228,"column":54}},"111":{"start":{"line":228,"column":8},"end":{"line":228,"column":30}},"112":{"start":{"line":228,"column":41},"end":{"line":228,"column":52}},"113":{"start":{"line":234,"column":2},"end":{"line":234,"column":77}},"114":{"start":{"line":235,"column":2},"end":{"line":235,"column":75}},"115":{"start":{"line":239,"column":17},"end":{"line":239,"column":38}},"116":{"start":{"line":240,"column":2},"end":{"line":244,"column":3}},"117":{"start":{"line":241,"column":16},"end":{"line":241,"column":101}},"118":{"start":{"line":242,"column":4},"end":{"line":242,"column":62}},"119":{"start":{"line":243,"column":4},"end":{"line":243,"column":14}},"120":{"start":{"line":245,"column":14},"end":{"line":245,"column":51}},"121":{"start":{"line":246,"column":2},"end":{"line":246,"column":23}},"122":{"start":{"line":246,"column":12},"end":{"line":246,"column":23}},"123":{"start":{"line":247,"column":2},"end":{"line":247,"column":54}},"124":{"start":{"line":247,"column":8},"end":{"line":247,"column":30}},"125":{"start":{"line":247,"column":41},"end":{"line":247,"column":52}},"126":{"start":{"line":253,"column":2},"end":{"line":256,"column":4}}},"fnMap":{"0":{"name":"getUserId","decl":{"start":{"line":20,"column":15},"end":{"line":20,"column":24}},"loc":{"start":{"line":20,"column":51},"end":{"line":23,"column":1}},"line":20},"1":{"name":"saveProfile","decl":{"start":{"line":27,"column":22},"end":{"line":27,"column":33}},"loc":{"start":{"line":27,"column":71},"end":{"line":42,"column":1}},"line":27},"2":{"name":"(anonymous_2)","decl":{"start":{"line":41,"column":11},"end":{"line":41,"column":12}},"loc":{"start":{"line":41,"column":17},"end":{"line":41,"column":21}},"line":41},"3":{"name":"loadProfile","decl":{"start":{"line":44,"column":22},"end":{"line":44,"column":33}},"loc":{"start":{"line":44,"column":65},"end":{"line":73,"column":1}},"line":44},"4":{"name":"savePlan","decl":{"start":{"line":77,"column":22},"end":{"line":77,"column":30}},"loc":{"start":{"line":77,"column":62},"end":{"line":88,"column":1}},"line":77},"5":{"name":"(anonymous_5)","decl":{"start":{"line":87,"column":11},"end":{"line":87,"column":12}},"loc":{"start":{"line":87,"column":17},"end":{"line":87,"column":21}},"line":87},"6":{"name":"loadPlan","decl":{"start":{"line":90,"column":22},"end":{"line":90,"column":30}},"loc":{"start":{"line":90,"column":59},"end":{"line":113,"column":1}},"line":90},"7":{"name":"saveShoppingChecked","decl":{"start":{"line":117,"column":22},"end":{"line":117,"column":41}},"loc":{"start":{"line":117,"column":91},"end":{"line":127,"column":1}},"line":117},"8":{"name":"(anonymous_8)","decl":{"start":{"line":126,"column":11},"end":{"line":126,"column":12}},"loc":{"start":{"line":126,"column":17},"end":{"line":126,"column":21}},"line":126},"9":{"name":"loadShoppingChecked","decl":{"start":{"line":129,"column":22},"end":{"line":129,"column":41}},"loc":{"start":{"line":129,"column":78},"end":{"line":150,"column":1}},"line":129},"10":{"name":"upsertUserPref","decl":{"start":{"line":155,"column":15},"end":{"line":155,"column":29}},"loc":{"start":{"line":155,"column":78},"end":{"line":162,"column":1}},"line":155},"11":{"name":"(anonymous_11)","decl":{"start":{"line":161,"column":11},"end":{"line":161,"column":12}},"loc":{"start":{"line":161,"column":17},"end":{"line":161,"column":21}},"line":161},"12":{"name":"loadUserPrefs","decl":{"start":{"line":164,"column":15},"end":{"line":164,"column":28}},"loc":{"start":{"line":164,"column":72},"end":{"line":173,"column":1}},"line":164},"13":{"name":"saveFavorites","decl":{"start":{"line":177,"column":22},"end":{"line":177,"column":35}},"loc":{"start":{"line":177,"column":70},"end":{"line":180,"column":1}},"line":177},"14":{"name":"loadFavorites","decl":{"start":{"line":182,"column":22},"end":{"line":182,"column":35}},"loc":{"start":{"line":182,"column":57},"end":{"line":192,"column":1}},"line":182},"15":{"name":"saveTheme","decl":{"start":{"line":196,"column":22},"end":{"line":196,"column":31}},"loc":{"start":{"line":196,"column":72},"end":{"line":199,"column":1}},"line":196},"16":{"name":"loadTheme","decl":{"start":{"line":201,"column":22},"end":{"line":201,"column":31}},"loc":{"start":{"line":201,"column":68},"end":{"line":210,"column":1}},"line":201},"17":{"name":"saveNotifPrefsDB","decl":{"start":{"line":214,"column":22},"end":{"line":214,"column":38}},"loc":{"start":{"line":214,"column":69},"end":{"line":217,"column":1}},"line":214},"18":{"name":"loadNotifPrefsDB","decl":{"start":{"line":219,"column":22},"end":{"line":219,"column":38}},"loc":{"start":{"line":219,"column":65},"end":{"line":229,"column":1}},"line":219},"19":{"name":"saveRegenRecord","decl":{"start":{"line":233,"column":22},"end":{"line":233,"column":37}},"loc":{"start":{"line":233,"column":87},"end":{"line":236,"column":1}},"line":233},"20":{"name":"loadRegenRecord","decl":{"start":{"line":238,"column":22},"end":{"line":238,"column":37}},"loc":{"start":{"line":238,"column":94},"end":{"line":248,"column":1}},"line":238},"21":{"name":"clearAll","decl":{"start":{"line":252,"column":22},"end":{"line":252,"column":30}},"loc":{"start":{"line":252,"column":48},"end":{"line":257,"column":1}},"line":252}},"branchMap":{"0":{"loc":{"start":{"line":22,"column":9},"end":{"line":22,"column":30}},"type":"binary-expr","locations":[{"start":{"line":22,"column":9},"end":{"line":22,"column":22}},{"start":{"line":22,"column":26},"end":{"line":22,"column":30}}],"line":22},"1":{"loc":{"start":{"line":31,"column":2},"end":{"line":31,"column":21}},"type":"if","locations":[{"start":{"line":31,"column":2},"end":{"line":31,"column":21}},{"start":{},"end":{}}],"line":31},"2":{"loc":{"start":{"line":38,"column":10},"end":{"line":38,"column":30}},"type":"binary-expr","locations":[{"start":{"line":38,"column":10},"end":{"line":38,"column":22}},{"start":{"line":38,"column":26},"end":{"line":38,"column":30}}],"line":38},"3":{"loc":{"start":{"line":40,"column":16},"end":{"line":40,"column":42}},"type":"binary-expr","locations":[{"start":{"line":40,"column":16},"end":{"line":40,"column":33}},{"start":{"line":40,"column":37},"end":{"line":40,"column":42}}],"line":40},"4":{"loc":{"start":{"line":47,"column":2},"end":{"line":64,"column":3}},"type":"if","locations":[{"start":{"line":47,"column":2},"end":{"line":64,"column":3}},{"start":{},"end":{}}],"line":47},"5":{"loc":{"start":{"line":54,"column":18},"end":{"line":54,"column":38}},"type":"binary-expr","locations":[{"start":{"line":54,"column":18},"end":{"line":54,"column":32}},{"start":{"line":54,"column":36},"end":{"line":54,"column":38}}],"line":54},"6":{"loc":{"start":{"line":55,"column":14},"end":{"line":55,"column":36}},"type":"binary-expr","locations":[{"start":{"line":55,"column":14},"end":{"line":55,"column":23}},{"start":{"line":55,"column":27},"end":{"line":55,"column":36}}],"line":55},"7":{"loc":{"start":{"line":57,"column":19},"end":{"line":57,"column":43}},"type":"binary-expr","locations":[{"start":{"line":57,"column":19},"end":{"line":57,"column":34}},{"start":{"line":57,"column":38},"end":{"line":57,"column":43}}],"line":57},"8":{"loc":{"start":{"line":67,"column":2},"end":{"line":67,"column":23}},"type":"if","locations":[{"start":{"line":67,"column":2},"end":{"line":67,"column":23}},{"start":{},"end":{}}],"line":67},"9":{"loc":{"start":{"line":81,"column":2},"end":{"line":81,"column":21}},"type":"if","locations":[{"start":{"line":81,"column":2},"end":{"line":81,"column":21}},{"start":{},"end":{}}],"line":81},"10":{"loc":{"start":{"line":93,"column":2},"end":{"line":104,"column":3}},"type":"if","locations":[{"start":{"line":93,"column":2},"end":{"line":104,"column":3}},{"start":{},"end":{}}],"line":93},"11":{"loc":{"start":{"line":96,"column":6},"end":{"line":100,"column":7}},"type":"if","locations":[{"start":{"line":96,"column":6},"end":{"line":100,"column":7}},{"start":{},"end":{}}],"line":96},"12":{"loc":{"start":{"line":107,"column":2},"end":{"line":107,"column":23}},"type":"if","locations":[{"start":{"line":107,"column":2},"end":{"line":107,"column":23}},{"start":{},"end":{}}],"line":107},"13":{"loc":{"start":{"line":121,"column":2},"end":{"line":121,"column":21}},"type":"if","locations":[{"start":{"line":121,"column":2},"end":{"line":121,"column":21}},{"start":{},"end":{}}],"line":121},"14":{"loc":{"start":{"line":132,"column":2},"end":{"line":141,"column":3}},"type":"if","locations":[{"start":{"line":132,"column":2},"end":{"line":141,"column":3}},{"start":{},"end":{}}],"line":132},"15":{"loc":{"start":{"line":135,"column":6},"end":{"line":137,"column":7}},"type":"if","locations":[{"start":{"line":135,"column":6},"end":{"line":137,"column":7}},{"start":{},"end":{}}],"line":135},"16":{"loc":{"start":{"line":144,"column":2},"end":{"line":144,"column":21}},"type":"if","locations":[{"start":{"line":144,"column":2},"end":{"line":144,"column":21}},{"start":{},"end":{}}],"line":144},"17":{"loc":{"start":{"line":157,"column":2},"end":{"line":157,"column":21}},"type":"if","locations":[{"start":{"line":157,"column":2},"end":{"line":157,"column":21}},{"start":{},"end":{}}],"line":157},"18":{"loc":{"start":{"line":166,"column":2},"end":{"line":166,"column":26}},"type":"if","locations":[{"start":{"line":166,"column":2},"end":{"line":166,"column":26}},{"start":{},"end":{}}],"line":166},"19":{"loc":{"start":{"line":184,"column":2},"end":{"line":188,"column":3}},"type":"if","locations":[{"start":{"line":184,"column":2},"end":{"line":188,"column":3}},{"start":{},"end":{}}],"line":184},"20":{"loc":{"start":{"line":190,"column":2},"end":{"line":190,"column":21}},"type":"if","locations":[{"start":{"line":190,"column":2},"end":{"line":190,"column":21}},{"start":{},"end":{}}],"line":190},"21":{"loc":{"start":{"line":203,"column":2},"end":{"line":207,"column":3}},"type":"if","locations":[{"start":{"line":203,"column":2},"end":{"line":207,"column":3}},{"start":{},"end":{}}],"line":203},"22":{"loc":{"start":{"line":221,"column":2},"end":{"line":225,"column":3}},"type":"if","locations":[{"start":{"line":221,"column":2},"end":{"line":225,"column":3}},{"start":{},"end":{}}],"line":221},"23":{"loc":{"start":{"line":227,"column":2},"end":{"line":227,"column":23}},"type":"if","locations":[{"start":{"line":227,"column":2},"end":{"line":227,"column":23}},{"start":{},"end":{}}],"line":227},"24":{"loc":{"start":{"line":240,"column":2},"end":{"line":244,"column":3}},"type":"if","locations":[{"start":{"line":240,"column":2},"end":{"line":244,"column":3}},{"start":{},"end":{}}],"line":240},"25":{"loc":{"start":{"line":246,"column":2},"end":{"line":246,"column":23}},"type":"if","locations":[{"start":{"line":246,"column":2},"end":{"line":246,"column":23}},{"start":{},"end":{}}],"line":246}},"s":{"0":0,"1":0,"2":0,"3":0,"4":0,"5":0,"6":0,"7":0,"8":0,"9":0,"10":0,"11":0,"12":0,"13":0,"14":0,"15":0,"16":0,"17":0,"18":0,"19":0,"20":0,"21":0,"22":0,"23":0,"24":0,"25":0,"26":0,"27":0,"28":0,"29":0,"30":0,"31":0,"32":0,"33":0,"34":0,"35":0,"36":0,"37":0,"38":0,"39":0,"40":0,"41":0,"42":0,"43":0,"44":0,"45":0,"46":0,"47":0,"48":0,"49":0,"50":0,"51":0,"52":0,"53":0,"54":0,"55":0,"56":0,"57":0,"58":0,"59":0,"60":0,"61":0,"62":0,"63":0,"64":0,"65":0,"66":0,"67":0,"68":0,"69":0,"70":0,"71":0,"72":0,"73":0,"74":0,"75":0,"76":0,"77":0,"78":0,"79":0,"80":0,"81":0,"82":0,"83":0,"84":0,"85":0,"86":0,"87":0,"88":0,"89":0,"90":0,"91":0,"92":0,"93":0,"94":0,"95":0,"96":0,"97":0,"98":0,"99":0,"100":0,"101":0,"102":0,"103":0,"104":0,"105":0,"106":0,"107":0,"108":0,"109":0,"110":0,"111":0,"112":0,"113":0,"114":0,"115":0,"116":0,"117":0,"118":0,"119":0,"120":0,"121":0,"122":0,"123":0,"124":0,"125":0,"126":0},"f":{"0":0,"1":0,"2":0,"3":0,"4":0,"5":0,"6":0,"7":0,"8":0,"9":0,"10":0,"11":0,"12":0,"13":0,"14":0,"15":0,"16":0,"17":0,"18":0,"19":0,"20":0,"21":0},"b":{"0":[0,0],"1":[0,0],"2":[0,0],"3":[0,0],"4":[0,0],"5":[0,0],"6":[0,0],"7":[0,0],"8":[0,0],"9":[0,0],"10":[0,0],"11":[0,0],"12":[0,0],"13":[0,0],"14":[0,0],"15":[0,0],"16":[0,0],"17":[0,0],"18":[0,0],"19":[0,0],"20":[0,0],"21":[0,0],"22":[0,0],"23":[0,0],"24":[0,0],"25":[0,0]}}
,"/Users/Taeng/BuddyPlan/lib/mealdb.ts": {"path":"/Users/Taeng/BuddyPlan/lib/mealdb.ts","statementMap":{"0":{"start":{"line":10,"column":13},"end":{"line":10,"column":54}},"1":{"start":{"line":11,"column":18},"end":{"line":11,"column":34}},"2":{"start":{"line":12,"column":21},"end":{"line":12,"column":40}},"3":{"start":{"line":30,"column":116},"end":{"line":39,"column":1}},"4":{"start":{"line":41,"column":40},"end":{"line":50,"column":1}},"5":{"start":{"line":52,"column":38},"end":{"line":61,"column":1}},"6":{"start":{"line":65,"column":45},"end":{"line":130,"column":1}},"7":{"start":{"line":134,"column":39},"end":{"line":317,"column":1}},"8":{"start":{"line":322,"column":2},"end":{"line":322,"column":49}},"9":{"start":{"line":322,"column":25},"end":{"line":322,"column":49}},"10":{"start":{"line":324,"column":16},"end":{"line":324,"column":33}},"11":{"start":{"line":325,"column":14},"end":{"line":325,"column":78}},"12":{"start":{"line":325,"column":52},"end":{"line":325,"column":77}},"13":{"start":{"line":326,"column":2},"end":{"line":326,"column":38}},"14":{"start":{"line":331,"column":2},"end":{"line":331,"column":37}},"15":{"start":{"line":331,"column":19},"end":{"line":331,"column":37}},"16":{"start":{"line":333,"column":16},"end":{"line":333,"column":33}},"17":{"start":{"line":334,"column":14},"end":{"line":334,"column":72}},"18":{"start":{"line":334,"column":46},"end":{"line":334,"column":71}},"19":{"start":{"line":335,"column":2},"end":{"line":335,"column":32}},"20":{"start":{"line":339,"column":27},"end":{"line":339,"column":29}},"21":{"start":{"line":340,"column":2},"end":{"line":343,"column":3}},"22":{"start":{"line":340,"column":15},"end":{"line":340,"column":16}},"23":{"start":{"line":341,"column":17},"end":{"line":341,"column":44}},"24":{"start":{"line":342,"column":4},"end":{"line":342,"column":74}},"25":{"start":{"line":342,"column":29},"end":{"line":342,"column":74}},"26":{"start":{"line":344,"column":2},"end":{"line":344,"column":27}},"27":{"start":{"line":348,"column":2},"end":{"line":348,"column":61}},"28":{"start":{"line":352,"column":14},"end":{"line":352,"column":51}},"29":{"start":{"line":353,"column":12},"end":{"line":353,"column":53}},"30":{"start":{"line":354,"column":15},"end":{"line":354,"column":30}},"31":{"start":{"line":355,"column":16},"end":{"line":355,"column":34}},"32":{"start":{"line":356,"column":25},"end":{"line":356,"column":61}},"33":{"start":{"line":358,"column":2},"end":{"line":371,"column":3}},"34":{"start":{"line":378,"column":2},"end":{"line":384,"column":12}},"35":{"start":{"line":379,"column":16},"end":{"line":379,"column":53}},"36":{"start":{"line":380,"column":4},"end":{"line":383,"column":5}},"37":{"start":{"line":381,"column":28},"end":{"line":381,"column":76}},"38":{"start":{"line":382,"column":6},"end":{"line":382,"column":54}},"39":{"start":{"line":382,"column":42},"end":{"line":382,"column":54}},"40":{"start":{"line":387,"column":18},"end":{"line":387,"column":58}},"41":{"start":{"line":388,"column":19},"end":{"line":388,"column":39}},"42":{"start":{"line":389,"column":34},"end":{"line":389,"column":54}},"43":{"start":{"line":392,"column":18},"end":{"line":392,"column":36}},"44":{"start":{"line":393,"column":18},"end":{"line":403,"column":3}},"45":{"start":{"line":395,"column":6},"end":{"line":401,"column":7}},"46":{"start":{"line":396,"column":18},"end":{"line":396,"column":68}},"47":{"start":{"line":397,"column":18},"end":{"line":397,"column":32}},"48":{"start":{"line":398,"column":8},"end":{"line":398,"column":55}},"49":{"start":{"line":400,"column":8},"end":{"line":400,"column":24}},"50":{"start":{"line":405,"column":16},"end":{"line":407,"column":39}},"51":{"start":{"line":406,"column":38},"end":{"line":406,"column":41}},"52":{"start":{"line":407,"column":19},"end":{"line":407,"column":38}},"53":{"start":{"line":409,"column":2},"end":{"line":411,"column":12}},"54":{"start":{"line":410,"column":4},"end":{"line":410,"column":84}},"55":{"start":{"line":413,"column":2},"end":{"line":413,"column":14}},"56":{"start":{"line":417,"column":2},"end":{"line":423,"column":12}},"57":{"start":{"line":418,"column":16},"end":{"line":418,"column":53}},"58":{"start":{"line":419,"column":4},"end":{"line":422,"column":5}},"59":{"start":{"line":420,"column":24},"end":{"line":420,"column":72}},"60":{"start":{"line":421,"column":6},"end":{"line":421,"column":24}},"61":{"start":{"line":424,"column":2},"end":{"line":424,"column":11}},"62":{"start":{"line":428,"column":2},"end":{"line":428,"column":42}}},"fnMap":{"0":{"name":"translateName","decl":{"start":{"line":321,"column":9},"end":{"line":321,"column":22}},"loc":{"start":{"line":321,"column":44},"end":{"line":327,"column":1}},"line":321},"1":{"name":"(anonymous_1)","decl":{"start":{"line":325,"column":45},"end":{"line":325,"column":46}},"loc":{"start":{"line":325,"column":52},"end":{"line":325,"column":77}},"line":325},"2":{"name":"translateIngredient","decl":{"start":{"line":329,"column":9},"end":{"line":329,"column":28}},"loc":{"start":{"line":329,"column":50},"end":{"line":336,"column":1}},"line":329},"3":{"name":"(anonymous_3)","decl":{"start":{"line":334,"column":39},"end":{"line":334,"column":40}},"loc":{"start":{"line":334,"column":46},"end":{"line":334,"column":71}},"line":334},"4":{"name":"extractIngredients","decl":{"start":{"line":338,"column":9},"end":{"line":338,"column":27}},"loc":{"start":{"line":338,"column":60},"end":{"line":345,"column":1}},"line":338},"5":{"name":"jitter","decl":{"start":{"line":347,"column":9},"end":{"line":347,"column":15}},"loc":{"start":{"line":347,"column":53},"end":{"line":349,"column":1}},"line":347},"6":{"name":"convertToMeal","decl":{"start":{"line":351,"column":9},"end":{"line":351,"column":22}},"loc":{"start":{"line":351,"column":66},"end":{"line":372,"column":1}},"line":351},"7":{"name":"fetchAndCacheThaiMeals","decl":{"start":{"line":376,"column":22},"end":{"line":376,"column":44}},"loc":{"start":{"line":376,"column":64},"end":{"line":414,"column":1}},"line":376},"8":{"name":"(anonymous_8)","decl":{"start":{"line":394,"column":16},"end":{"line":394,"column":17}},"loc":{"start":{"line":394,"column":32},"end":{"line":402,"column":5}},"line":394},"9":{"name":"(anonymous_9)","decl":{"start":{"line":406,"column":12},"end":{"line":406,"column":13}},"loc":{"start":{"line":406,"column":38},"end":{"line":406,"column":41}},"line":406},"10":{"name":"(anonymous_10)","decl":{"start":{"line":407,"column":9},"end":{"line":407,"column":10}},"loc":{"start":{"line":407,"column":19},"end":{"line":407,"column":38}},"line":407},"11":{"name":"getCachedThaiMeals","decl":{"start":{"line":416,"column":22},"end":{"line":416,"column":40}},"loc":{"start":{"line":416,"column":60},"end":{"line":425,"column":1}},"line":416},"12":{"name":"clearMealDbCache","decl":{"start":{"line":427,"column":22},"end":{"line":427,"column":38}},"loc":{"start":{"line":427,"column":56},"end":{"line":429,"column":1}},"line":427}},"branchMap":{"0":{"loc":{"start":{"line":322,"column":2},"end":{"line":322,"column":49}},"type":"if","locations":[{"start":{"line":322,"column":2},"end":{"line":322,"column":49}},{"start":{},"end":{}}],"line":322},"1":{"loc":{"start":{"line":326,"column":9},"end":{"line":326,"column":38}},"type":"cond-expr","locations":[{"start":{"line":326,"column":15},"end":{"line":326,"column":32}},{"start":{"line":326,"column":35},"end":{"line":326,"column":38}}],"line":326},"2":{"loc":{"start":{"line":331,"column":2},"end":{"line":331,"column":37}},"type":"if","locations":[{"start":{"line":331,"column":2},"end":{"line":331,"column":37}},{"start":{},"end":{}}],"line":331},"3":{"loc":{"start":{"line":335,"column":9},"end":{"line":335,"column":32}},"type":"cond-expr","locations":[{"start":{"line":335,"column":15},"end":{"line":335,"column":26}},{"start":{"line":335,"column":29},"end":{"line":335,"column":32}}],"line":335},"4":{"loc":{"start":{"line":342,"column":4},"end":{"line":342,"column":74}},"type":"if","locations":[{"start":{"line":342,"column":4},"end":{"line":342,"column":74}},{"start":{},"end":{}}],"line":342},"5":{"loc":{"start":{"line":342,"column":8},"end":{"line":342,"column":27}},"type":"binary-expr","locations":[{"start":{"line":342,"column":8},"end":{"line":342,"column":12}},{"start":{"line":342,"column":16},"end":{"line":342,"column":27}}],"line":342},"6":{"loc":{"start":{"line":352,"column":14},"end":{"line":352,"column":51}},"type":"binary-expr","locations":[{"start":{"line":352,"column":14},"end":{"line":352,"column":32}},{"start":{"line":352,"column":36},"end":{"line":352,"column":51}}],"line":352},"7":{"loc":{"start":{"line":353,"column":12},"end":{"line":353,"column":53}},"type":"binary-expr","locations":[{"start":{"line":353,"column":12},"end":{"line":353,"column":26}},{"start":{"line":353,"column":30},"end":{"line":353,"column":53}}],"line":353},"8":{"loc":{"start":{"line":354,"column":15},"end":{"line":354,"column":30}},"type":"binary-expr","locations":[{"start":{"line":354,"column":15},"end":{"line":354,"column":24}},{"start":{"line":354,"column":28},"end":{"line":354,"column":30}}],"line":354},"9":{"loc":{"start":{"line":355,"column":16},"end":{"line":355,"column":34}},"type":"binary-expr","locations":[{"start":{"line":355,"column":16},"end":{"line":355,"column":26}},{"start":{"line":355,"column":30},"end":{"line":355,"column":34}}],"line":355},"10":{"loc":{"start":{"line":356,"column":25},"end":{"line":356,"column":61}},"type":"cond-expr","locations":[{"start":{"line":356,"column":43},"end":{"line":356,"column":50}},{"start":{"line":356,"column":53},"end":{"line":356,"column":61}}],"line":356},"11":{"loc":{"start":{"line":360,"column":24},"end":{"line":360,"column":44}},"type":"binary-expr","locations":[{"start":{"line":360,"column":24},"end":{"line":360,"column":38}},{"start":{"line":360,"column":42},"end":{"line":360,"column":44}}],"line":360},"12":{"loc":{"start":{"line":370,"column":14},"end":{"line":370,"column":46}},"type":"binary-expr","locations":[{"start":{"line":370,"column":14},"end":{"line":370,"column":33}},{"start":{"line":370,"column":37},"end":{"line":370,"column":46}}],"line":370},"13":{"loc":{"start":{"line":380,"column":4},"end":{"line":383,"column":5}},"type":"if","locations":[{"start":{"line":380,"column":4},"end":{"line":383,"column":5}},{"start":{},"end":{}}],"line":380},"14":{"loc":{"start":{"line":382,"column":6},"end":{"line":382,"column":54}},"type":"if","locations":[{"start":{"line":382,"column":6},"end":{"line":382,"column":54}},{"start":{},"end":{}}],"line":382},"15":{"loc":{"start":{"line":389,"column":34},"end":{"line":389,"column":54}},"type":"binary-expr","locations":[{"start":{"line":389,"column":34},"end":{"line":389,"column":48}},{"start":{"line":389,"column":52},"end":{"line":389,"column":54}}],"line":389},"16":{"loc":{"start":{"line":419,"column":4},"end":{"line":422,"column":5}},"type":"if","locations":[{"start":{"line":419,"column":4},"end":{"line":422,"column":5}},{"start":{},"end":{}}],"line":419},"17":{"loc":{"start":{"line":421,"column":13},"end":{"line":421,"column":24}},"type":"binary-expr","locations":[{"start":{"line":421,"column":13},"end":{"line":421,"column":18}},{"start":{"line":421,"column":22},"end":{"line":421,"column":24}}],"line":421}},"s":{"0":0,"1":0,"2":0,"3":0,"4":0,"5":0,"6":0,"7":0,"8":0,"9":0,"10":0,"11":0,"12":0,"13":0,"14":0,"15":0,"16":0,"17":0,"18":0,"19":0,"20":0,"21":0,"22":0,"23":0,"24":0,"25":0,"26":0,"27":0,"28":0,"29":0,"30":0,"31":0,"32":0,"33":0,"34":0,"35":0,"36":0,"37":0,"38":0,"39":0,"40":0,"41":0,"42":0,"43":0,"44":0,"45":0,"46":0,"47":0,"48":0,"49":0,"50":0,"51":0,"52":0,"53":0,"54":0,"55":0,"56":0,"57":0,"58":0,"59":0,"60":0,"61":0,"62":0},"f":{"0":0,"1":0,"2":0,"3":0,"4":0,"5":0,"6":0,"7":0,"8":0,"9":0,"10":0,"11":0,"12":0},"b":{"0":[0,0],"1":[0,0],"2":[0,0],"3":[0,0],"4":[0,0],"5":[0,0],"6":[0,0],"7":[0,0],"8":[0,0],"9":[0,0],"10":[0,0],"11":[0,0],"12":[0,0],"13":[0,0],"14":[0,0],"15":[0,0],"16":[0,0],"17":[0,0]}}
,"/Users/Taeng/BuddyPlan/lib/meals-db.ts": {"path":"/Users/Taeng/BuddyPlan/lib/meals-db.ts","statementMap":{"0":{"start":{"line":4,"column":31},"end":{"line":65,"column":1}},"1":{"start":{"line":68,"column":2},"end":{"line":68,"column":47}},"2":{"start":{"line":68,"column":31},"end":{"line":68,"column":46}}},"fnMap":{"0":{"name":"getMealsByType","decl":{"start":{"line":67,"column":16},"end":{"line":67,"column":30}},"loc":{"start":{"line":67,"column":59},"end":{"line":69,"column":1}},"line":67},"1":{"name":"(anonymous_1)","decl":{"start":{"line":68,"column":24},"end":{"line":68,"column":25}},"loc":{"start":{"line":68,"column":31},"end":{"line":68,"column":46}},"line":68}},"branchMap":{},"s":{"0":1,"1":0,"2":0},"f":{"0":0,"1":0},"b":{},"_coverageSchema":"1a1c01bbd47fc00a2c39e90264f33305004495a9","hash":"d034b364c566df38f90c78cc3b629fde6ff81147"}
,"/Users/Taeng/BuddyPlan/lib/notifications.ts": {"path":"/Users/Taeng/BuddyPlan/lib/notifications.ts","statementMap":{"0":{"start":{"line":19,"column":48},"end":{"line":31,"column":1}},"1":{"start":{"line":33,"column":0},"end":{"line":41,"column":2}},"2":{"start":{"line":34,"column":35},"end":{"line":40,"column":3}},"3":{"start":{"line":44,"column":2},"end":{"line":49,"column":3}},"4":{"start":{"line":45,"column":4},"end":{"line":48,"column":6}},"5":{"start":{"line":50,"column":21},"end":{"line":50,"column":66}},"6":{"start":{"line":51,"column":2},"end":{"line":51,"column":29}},"7":{"start":{"line":55,"column":17},"end":{"line":55,"column":41}},"8":{"start":{"line":56,"column":2},"end":{"line":56,"column":84}},"9":{"start":{"line":56,"column":14},"end":{"line":56,"column":84}},"10":{"start":{"line":57,"column":2},"end":{"line":57,"column":22}},"11":{"start":{"line":61,"column":2},"end":{"line":61,"column":31}},"12":{"start":{"line":65,"column":2},"end":{"line":65,"column":60}},"13":{"start":{"line":66,"column":2},"end":{"line":66,"column":28}},"14":{"start":{"line":66,"column":22},"end":{"line":66,"column":28}},"15":{"start":{"line":68,"column":70},"end":{"line":72,"column":3}},"16":{"start":{"line":74,"column":100},"end":{"line":78,"column":3}},"17":{"start":{"line":80,"column":2},"end":{"line":93,"column":3}},"18":{"start":{"line":81,"column":4},"end":{"line":81,"column":31}},"19":{"start":{"line":81,"column":23},"end":{"line":81,"column":31}},"20":{"start":{"line":82,"column":4},"end":{"line":92,"column":6}},"21":{"start":{"line":95,"column":2},"end":{"line":108,"column":3}},"22":{"start":{"line":96,"column":4},"end":{"line":107,"column":6}}},"fnMap":{"0":{"name":"(anonymous_0)","decl":{"start":{"line":34,"column":22},"end":{"line":34,"column":23}},"loc":{"start":{"line":34,"column":35},"end":{"line":40,"column":3}},"line":34},"1":{"name":"requestPermission","decl":{"start":{"line":43,"column":22},"end":{"line":43,"column":39}},"loc":{"start":{"line":43,"column":60},"end":{"line":52,"column":1}},"line":43},"2":{"name":"loadNotifPrefs","decl":{"start":{"line":54,"column":22},"end":{"line":54,"column":36}},"loc":{"start":{"line":54,"column":67},"end":{"line":58,"column":1}},"line":54},"3":{"name":"saveNotifPrefs","decl":{"start":{"line":60,"column":22},"end":{"line":60,"column":36}},"loc":{"start":{"line":60,"column":78},"end":{"line":62,"column":1}},"line":60},"4":{"name":"scheduleAll","decl":{"start":{"line":64,"column":22},"end":{"line":64,"column":33}},"loc":{"start":{"line":64,"column":75},"end":{"line":109,"column":1}},"line":64}},"branchMap":{"0":{"loc":{"start":{"line":44,"column":2},"end":{"line":49,"column":3}},"type":"if","locations":[{"start":{"line":44,"column":2},"end":{"line":49,"column":3}},{"start":{},"end":{}}],"line":44},"1":{"loc":{"start":{"line":56,"column":2},"end":{"line":56,"column":84}},"type":"if","locations":[{"start":{"line":56,"column":2},"end":{"line":56,"column":84}},{"start":{},"end":{}}],"line":56},"2":{"loc":{"start":{"line":66,"column":2},"end":{"line":66,"column":28}},"type":"if","locations":[{"start":{"line":66,"column":2},"end":{"line":66,"column":28}},{"start":{},"end":{}}],"line":66},"3":{"loc":{"start":{"line":81,"column":4},"end":{"line":81,"column":31}},"type":"if","locations":[{"start":{"line":81,"column":4},"end":{"line":81,"column":31}},{"start":{},"end":{}}],"line":81},"4":{"loc":{"start":{"line":95,"column":2},"end":{"line":108,"column":3}},"type":"if","locations":[{"start":{"line":95,"column":2},"end":{"line":108,"column":3}},{"start":{},"end":{}}],"line":95}},"s":{"0":0,"1":0,"2":0,"3":0,"4":0,"5":0,"6":0,"7":0,"8":0,"9":0,"10":0,"11":0,"12":0,"13":0,"14":0,"15":0,"16":0,"17":0,"18":0,"19":0,"20":0,"21":0,"22":0},"f":{"0":0,"1":0,"2":0,"3":0,"4":0},"b":{"0":[0,0],"1":[0,0],"2":[0,0],"3":[0,0],"4":[0,0]}}
,"/Users/Taeng/BuddyPlan/lib/planner.ts": {"path":"/Users/Taeng/BuddyPlan/lib/planner.ts","statementMap":{"0":{"start":{"line":5,"column":12},"end":{"line":5,"column":20}},"1":{"start":{"line":6,"column":2},"end":{"line":9,"column":3}},"2":{"start":{"line":6,"column":15},"end":{"line":6,"column":27}},"3":{"start":{"line":7,"column":14},"end":{"line":7,"column":49}},"4":{"start":{"line":8,"column":5},"end":{"line":8,"column":32}},"5":{"start":{"line":10,"column":2},"end":{"line":10,"column":10}},"6":{"start":{"line":14,"column":110},"end":{"line":14,"column":112}},"7":{"start":{"line":16,"column":64},"end":{"line":31,"column":3}},"8":{"start":{"line":33,"column":51},"end":{"line":41,"column":3}},"9":{"start":{"line":43,"column":2},"end":{"line":57,"column":3}},"10":{"start":{"line":44,"column":18},"end":{"line":44,"column":56}},"11":{"start":{"line":45,"column":4},"end":{"line":56,"column":5}},"12":{"start":{"line":46,"column":6},"end":{"line":55,"column":7}},"13":{"start":{"line":47,"column":8},"end":{"line":53,"column":9}},"14":{"start":{"line":48,"column":10},"end":{"line":52,"column":11}},"15":{"start":{"line":54,"column":8},"end":{"line":54,"column":34}},"16":{"start":{"line":59,"column":2},"end":{"line":65,"column":5}},"17":{"start":{"line":59,"column":84},"end":{"line":65,"column":3}},"18":{"start":{"line":69,"column":54},"end":{"line":69,"column":61}},"19":{"start":{"line":70,"column":19},"end":{"line":70,"column":46}},"20":{"start":{"line":73,"column":19},"end":{"line":73,"column":58}},"21":{"start":{"line":73,"column":42},"end":{"line":73,"column":57}},"22":{"start":{"line":74,"column":4},"end":{"line":74,"column":44}},"23":{"start":{"line":74,"column":31},"end":{"line":74,"column":44}},"24":{"start":{"line":75,"column":4},"end":{"line":75,"column":84}},"25":{"start":{"line":75,"column":35},"end":{"line":75,"column":83}},"26":{"start":{"line":75,"column":59},"end":{"line":75,"column":82}},"27":{"start":{"line":78,"column":19},"end":{"line":78,"column":58}},"28":{"start":{"line":79,"column":16},"end":{"line":79,"column":51}},"29":{"start":{"line":80,"column":16},"end":{"line":80,"column":52}},"30":{"start":{"line":83,"column":2},"end":{"line":83,"column":99}},"31":{"start":{"line":83,"column":31},"end":{"line":83,"column":99}},"32":{"start":{"line":83,"column":75},"end":{"line":83,"column":97}},"33":{"start":{"line":84,"column":2},"end":{"line":84,"column":89}},"34":{"start":{"line":84,"column":28},"end":{"line":84,"column":89}},"35":{"start":{"line":84,"column":69},"end":{"line":84,"column":87}},"36":{"start":{"line":85,"column":2},"end":{"line":85,"column":90}},"37":{"start":{"line":85,"column":28},"end":{"line":85,"column":90}},"38":{"start":{"line":85,"column":69},"end":{"line":85,"column":88}},"39":{"start":{"line":87,"column":16},"end":{"line":87,"column":26}},"40":{"start":{"line":88,"column":26},"end":{"line":88,"column":28}},"41":{"start":{"line":90,"column":2},"end":{"line":106,"column":3}},"42":{"start":{"line":90,"column":15},"end":{"line":90,"column":16}},"43":{"start":{"line":91,"column":17},"end":{"line":91,"column":32}},"44":{"start":{"line":92,"column":4},"end":{"line":92,"column":37}},"45":{"start":{"line":94,"column":22},"end":{"line":94,"column":55}},"46":{"start":{"line":95,"column":18},"end":{"line":95,"column":45}},"47":{"start":{"line":96,"column":19},"end":{"line":96,"column":46}},"48":{"start":{"line":98,"column":4},"end":{"line":105,"column":6}},"49":{"start":{"line":108,"column":19},"end":{"line":108,"column":61}},"50":{"start":{"line":108,"column":41},"end":{"line":108,"column":57}},"51":{"start":{"line":111,"column":2},"end":{"line":122,"column":3}},"52":{"start":{"line":112,"column":4},"end":{"line":121,"column":5}},"53":{"start":{"line":112,"column":17},"end":{"line":112,"column":18}},"54":{"start":{"line":113,"column":18},"end":{"line":113,"column":25}},"55":{"start":{"line":114,"column":31},"end":{"line":114,"column":84}},"56":{"start":{"line":114,"column":54},"end":{"line":114,"column":83}},"57":{"start":{"line":115,"column":6},"end":{"line":120,"column":7}},"58":{"start":{"line":116,"column":8},"end":{"line":116,"column":66}},"59":{"start":{"line":117,"column":8},"end":{"line":117,"column":40}},"60":{"start":{"line":118,"column":8},"end":{"line":118,"column":81}},"61":{"start":{"line":119,"column":8},"end":{"line":119,"column":93}},"62":{"start":{"line":124,"column":23},"end":{"line":124,"column":46}},"63":{"start":{"line":125,"column":28},"end":{"line":125,"column":89}},"64":{"start":{"line":125,"column":61},"end":{"line":125,"column":80}},"65":{"start":{"line":127,"column":2},"end":{"line":133,"column":3}},"66":{"start":{"line":130,"column":38},"end":{"line":130,"column":54}},"67":{"start":{"line":143,"column":19},"end":{"line":143,"column":46}},"68":{"start":{"line":144,"column":18},"end":{"line":146,"column":3}},"69":{"start":{"line":145,"column":29},"end":{"line":145,"column":70}},"70":{"start":{"line":147,"column":17},"end":{"line":147,"column":66}},"71":{"start":{"line":147,"column":46},"end":{"line":147,"column":65}},"72":{"start":{"line":149,"column":4},"end":{"line":151,"column":89}},"73":{"start":{"line":151,"column":35},"end":{"line":151,"column":88}},"74":{"start":{"line":151,"column":67},"end":{"line":151,"column":87}},"75":{"start":{"line":152,"column":19},"end":{"line":158,"column":3}},"76":{"start":{"line":154,"column":6},"end":{"line":157,"column":40}},"77":{"start":{"line":160,"column":4},"end":{"line":160,"column":86}},"78":{"start":{"line":160,"column":62},"end":{"line":160,"column":85}},"79":{"start":{"line":161,"column":2},"end":{"line":161,"column":59}},"80":{"start":{"line":161,"column":27},"end":{"line":161,"column":46}},"81":{"start":{"line":170,"column":22},"end":{"line":178,"column":4}},"82":{"start":{"line":171,"column":4},"end":{"line":171,"column":34}},"83":{"start":{"line":171,"column":24},"end":{"line":171,"column":34}},"84":{"start":{"line":172,"column":20},"end":{"line":172,"column":51}},"85":{"start":{"line":173,"column":4},"end":{"line":174,"column":83}},"86":{"start":{"line":175,"column":4},"end":{"line":176,"column":74}},"87":{"start":{"line":177,"column":4},"end":{"line":177,"column":18}},"88":{"start":{"line":179,"column":21},"end":{"line":179,"column":70}},"89":{"start":{"line":179,"column":50},"end":{"line":179,"column":66}},"90":{"start":{"line":180,"column":28},"end":{"line":182,"column":3}},"91":{"start":{"line":181,"column":33},"end":{"line":181,"column":52}},"92":{"start":{"line":183,"column":2},"end":{"line":189,"column":3}},"93":{"start":{"line":192,"column":28},"end":{"line":192,"column":93}},"94":{"start":{"line":195,"column":12},"end":{"line":195,"column":29}},"95":{"start":{"line":196,"column":16},"end":{"line":196,"column":26}},"96":{"start":{"line":197,"column":18},"end":{"line":197,"column":45}},"97":{"start":{"line":198,"column":2},"end":{"line":198,"column":30}}},"fnMap":{"0":{"name":"shuffle","decl":{"start":{"line":4,"column":9},"end":{"line":4,"column":16}},"loc":{"start":{"line":4,"column":35},"end":{"line":11,"column":1}},"line":4},"1":{"name":"buildShoppingList","decl":{"start":{"line":13,"column":16},"end":{"line":13,"column":33}},"loc":{"start":{"line":13,"column":67},"end":{"line":66,"column":1}},"line":13},"2":{"name":"(anonymous_2)","decl":{"start":{"line":59,"column":43},"end":{"line":59,"column":44}},"loc":{"start":{"line":59,"column":84},"end":{"line":65,"column":3}},"line":59},"3":{"name":"generateWeekPlan","decl":{"start":{"line":68,"column":16},"end":{"line":68,"column":32}},"loc":{"start":{"line":68,"column":90},"end":{"line":134,"column":1}},"line":68},"4":{"name":"getMealsForUserEx","decl":{"start":{"line":72,"column":11},"end":{"line":72,"column":28}},"loc":{"start":{"line":72,"column":57},"end":{"line":76,"column":3}},"line":72},"5":{"name":"(anonymous_5)","decl":{"start":{"line":73,"column":35},"end":{"line":73,"column":36}},"loc":{"start":{"line":73,"column":42},"end":{"line":73,"column":57}},"line":73},"6":{"name":"(anonymous_6)","decl":{"start":{"line":75,"column":25},"end":{"line":75,"column":26}},"loc":{"start":{"line":75,"column":35},"end":{"line":75,"column":83}},"line":75},"7":{"name":"(anonymous_7)","decl":{"start":{"line":75,"column":50},"end":{"line":75,"column":51}},"loc":{"start":{"line":75,"column":59},"end":{"line":75,"column":82}},"line":75},"8":{"name":"(anonymous_8)","decl":{"start":{"line":83,"column":68},"end":{"line":83,"column":69}},"loc":{"start":{"line":83,"column":75},"end":{"line":83,"column":97}},"line":83},"9":{"name":"(anonymous_9)","decl":{"start":{"line":84,"column":62},"end":{"line":84,"column":63}},"loc":{"start":{"line":84,"column":69},"end":{"line":84,"column":87}},"line":84},"10":{"name":"(anonymous_10)","decl":{"start":{"line":85,"column":62},"end":{"line":85,"column":63}},"loc":{"start":{"line":85,"column":69},"end":{"line":85,"column":88}},"line":85},"11":{"name":"(anonymous_11)","decl":{"start":{"line":108,"column":31},"end":{"line":108,"column":32}},"loc":{"start":{"line":108,"column":41},"end":{"line":108,"column":57}},"line":108},"12":{"name":"(anonymous_12)","decl":{"start":{"line":114,"column":47},"end":{"line":114,"column":48}},"loc":{"start":{"line":114,"column":54},"end":{"line":114,"column":83}},"line":114},"13":{"name":"(anonymous_13)","decl":{"start":{"line":125,"column":51},"end":{"line":125,"column":52}},"loc":{"start":{"line":125,"column":61},"end":{"line":125,"column":80}},"line":125},"14":{"name":"(anonymous_14)","decl":{"start":{"line":130,"column":28},"end":{"line":130,"column":29}},"loc":{"start":{"line":130,"column":38},"end":{"line":130,"column":54}},"line":130},"15":{"name":"getAlternatives","decl":{"start":{"line":136,"column":16},"end":{"line":136,"column":31}},"loc":{"start":{"line":142,"column":10},"end":{"line":162,"column":1}},"line":142},"16":{"name":"(anonymous_16)","decl":{"start":{"line":145,"column":22},"end":{"line":145,"column":23}},"loc":{"start":{"line":145,"column":29},"end":{"line":145,"column":70}},"line":145},"17":{"name":"(anonymous_17)","decl":{"start":{"line":147,"column":33},"end":{"line":147,"column":34}},"loc":{"start":{"line":147,"column":46},"end":{"line":147,"column":65}},"line":147},"18":{"name":"(anonymous_18)","decl":{"start":{"line":151,"column":22},"end":{"line":151,"column":23}},"loc":{"start":{"line":151,"column":35},"end":{"line":151,"column":88}},"line":151},"19":{"name":"(anonymous_19)","decl":{"start":{"line":151,"column":58},"end":{"line":151,"column":59}},"loc":{"start":{"line":151,"column":67},"end":{"line":151,"column":87}},"line":151},"20":{"name":"(anonymous_20)","decl":{"start":{"line":153,"column":4},"end":{"line":153,"column":5}},"loc":{"start":{"line":154,"column":6},"end":{"line":157,"column":40}},"line":154},"21":{"name":"(anonymous_21)","decl":{"start":{"line":160,"column":49},"end":{"line":160,"column":50}},"loc":{"start":{"line":160,"column":62},"end":{"line":160,"column":85}},"line":160},"22":{"name":"(anonymous_22)","decl":{"start":{"line":161,"column":21},"end":{"line":161,"column":22}},"loc":{"start":{"line":161,"column":27},"end":{"line":161,"column":46}},"line":161},"23":{"name":"swapMeal","decl":{"start":{"line":164,"column":16},"end":{"line":164,"column":24}},"loc":{"start":{"line":169,"column":12},"end":{"line":190,"column":1}},"line":169},"24":{"name":"(anonymous_24)","decl":{"start":{"line":170,"column":36},"end":{"line":170,"column":37}},"loc":{"start":{"line":170,"column":48},"end":{"line":178,"column":3}},"line":170},"25":{"name":"(anonymous_25)","decl":{"start":{"line":179,"column":40},"end":{"line":179,"column":41}},"loc":{"start":{"line":179,"column":50},"end":{"line":179,"column":66}},"line":179},"26":{"name":"(anonymous_26)","decl":{"start":{"line":181,"column":23},"end":{"line":181,"column":24}},"loc":{"start":{"line":181,"column":33},"end":{"line":181,"column":52}},"line":181},"27":{"name":"getDayName","decl":{"start":{"line":194,"column":16},"end":{"line":194,"column":26}},"loc":{"start":{"line":194,"column":52},"end":{"line":199,"column":1}},"line":194}},"branchMap":{"0":{"loc":{"start":{"line":47,"column":8},"end":{"line":53,"column":9}},"type":"if","locations":[{"start":{"line":47,"column":8},"end":{"line":53,"column":9}},{"start":{},"end":{}}],"line":47},"1":{"loc":{"start":{"line":50,"column":19},"end":{"line":50,"column":46}},"type":"binary-expr","locations":[{"start":{"line":50,"column":19},"end":{"line":50,"column":40}},{"start":{"line":50,"column":44},"end":{"line":50,"column":46}}],"line":50},"2":{"loc":{"start":{"line":51,"column":22},"end":{"line":51,"column":49}},"type":"binary-expr","locations":[{"start":{"line":51,"column":22},"end":{"line":51,"column":38}},{"start":{"line":51,"column":42},"end":{"line":51,"column":49}}],"line":51},"3":{"loc":{"start":{"line":62,"column":14},"end":{"line":62,"column":87}},"type":"cond-expr","locations":[{"start":{"line":62,"column":26},"end":{"line":62,"column":42}},{"start":{"line":62,"column":45},"end":{"line":62,"column":87}}],"line":62},"4":{"loc":{"start":{"line":62,"column":45},"end":{"line":62,"column":87}},"type":"cond-expr","locations":[{"start":{"line":62,"column":59},"end":{"line":62,"column":68}},{"start":{"line":62,"column":71},"end":{"line":62,"column":87}}],"line":62},"5":{"loc":{"start":{"line":68,"column":55},"end":{"line":68,"column":78}},"type":"default-arg","locations":[{"start":{"line":68,"column":76},"end":{"line":68,"column":78}}],"line":68},"6":{"loc":{"start":{"line":74,"column":4},"end":{"line":74,"column":44}},"type":"if","locations":[{"start":{"line":74,"column":4},"end":{"line":74,"column":44}},{"start":{},"end":{}}],"line":74},"7":{"loc":{"start":{"line":83,"column":2},"end":{"line":83,"column":99}},"type":"if","locations":[{"start":{"line":83,"column":2},"end":{"line":83,"column":99}},{"start":{},"end":{}}],"line":83},"8":{"loc":{"start":{"line":84,"column":2},"end":{"line":84,"column":89}},"type":"if","locations":[{"start":{"line":84,"column":2},"end":{"line":84,"column":89}},{"start":{},"end":{}}],"line":84},"9":{"loc":{"start":{"line":85,"column":2},"end":{"line":85,"column":90}},"type":"if","locations":[{"start":{"line":85,"column":2},"end":{"line":85,"column":90}},{"start":{},"end":{}}],"line":85},"10":{"loc":{"start":{"line":111,"column":2},"end":{"line":122,"column":3}},"type":"if","locations":[{"start":{"line":111,"column":2},"end":{"line":122,"column":3}},{"start":{},"end":{}}],"line":111},"11":{"loc":{"start":{"line":112,"column":20},"end":{"line":112,"column":65}},"type":"binary-expr","locations":[{"start":{"line":112,"column":20},"end":{"line":112,"column":35}},{"start":{"line":112,"column":39},"end":{"line":112,"column":65}}],"line":112},"12":{"loc":{"start":{"line":115,"column":6},"end":{"line":120,"column":7}},"type":"if","locations":[{"start":{"line":115,"column":6},"end":{"line":120,"column":7}},{"start":{},"end":{}}],"line":115},"13":{"loc":{"start":{"line":141,"column":2},"end":{"line":141,"column":25}},"type":"default-arg","locations":[{"start":{"line":141,"column":23},"end":{"line":141,"column":25}}],"line":141},"14":{"loc":{"start":{"line":149,"column":4},"end":{"line":151,"column":89}},"type":"cond-expr","locations":[{"start":{"line":150,"column":8},"end":{"line":150,"column":14}},{"start":{"line":151,"column":8},"end":{"line":151,"column":89}}],"line":149},"15":{"loc":{"start":{"line":154,"column":6},"end":{"line":157,"column":40}},"type":"binary-expr","locations":[{"start":{"line":154,"column":6},"end":{"line":154,"column":29}},{"start":{"line":155,"column":6},"end":{"line":155,"column":24}},{"start":{"line":156,"column":6},"end":{"line":156,"column":40}},{"start":{"line":157,"column":6},"end":{"line":157,"column":40}}],"line":154},"16":{"loc":{"start":{"line":160,"column":4},"end":{"line":160,"column":86}},"type":"cond-expr","locations":[{"start":{"line":160,"column":26},"end":{"line":160,"column":34}},{"start":{"line":160,"column":37},"end":{"line":160,"column":86}}],"line":160},"17":{"loc":{"start":{"line":171,"column":4},"end":{"line":171,"column":34}},"type":"if","locations":[{"start":{"line":171,"column":4},"end":{"line":171,"column":34}},{"start":{},"end":{}}],"line":171},"18":{"loc":{"start":{"line":197,"column":18},"end":{"line":197,"column":45}},"type":"cond-expr","locations":[{"start":{"line":197,"column":32},"end":{"line":197,"column":33}},{"start":{"line":197,"column":36},"end":{"line":197,"column":45}}],"line":197}},"s":{"0":15,"1":15,"2":15,"3":65,"4":65,"5":15,"6":5,"7":5,"8":5,"9":5,"10":35,"11":35,"12":105,"13":295,"14":161,"15":295,"16":5,"17":161,"18":5,"19":5,"20":15,"21":240,"22":15,"23":15,"24":0,"25":0,"26":0,"27":5,"28":5,"29":5,"30":5,"31":0,"32":0,"33":5,"34":0,"35":0,"36":5,"37":0,"38":0,"39":5,"40":5,"41":5,"42":5,"43":35,"44":35,"45":35,"46":35,"47":35,"48":35,"49":5,"50":35,"51":5,"52":0,"53":0,"54":0,"55":0,"56":0,"57":0,"58":0,"59":0,"60":0,"61":0,"62":5,"63":5,"64":35,"65":5,"66":35,"67":0,"68":0,"69":0,"70":0,"71":0,"72":0,"73":0,"74":0,"75":0,"76":0,"77":0,"78":0,"79":0,"80":0,"81":0,"82":0,"83":0,"84":0,"85":0,"86":0,"87":0,"88":0,"89":0,"90":0,"91":0,"92":0,"93":1,"94":3,"95":3,"96":3,"97":3},"f":{"0":15,"1":5,"2":161,"3":5,"4":15,"5":240,"6":0,"7":0,"8":0,"9":0,"10":0,"11":35,"12":0,"13":35,"14":35,"15":0,"16":0,"17":0,"18":0,"19":0,"20":0,"21":0,"22":0,"23":0,"24":0,"25":0,"26":0,"27":3},"b":{"0":[161,134],"1":[161,76],"2":[161,52],"3":[5,156],"4":[84,72],"5":[0],"6":[15,0],"7":[0,5],"8":[0,5],"9":[0,5],"10":[0,5],"11":[0,0],"12":[0,0],"13":[0],"14":[0,0],"15":[0,0,0,0],"16":[0,0],"17":[0,0],"18":[1,2]},"_coverageSchema":"1a1c01bbd47fc00a2c39e90264f33305004495a9","hash":"a5ceeabe0ccfe469c8654088443f47db069e7d6e"}
,"/Users/Taeng/BuddyPlan/lib/storage.ts": {"path":"/Users/Taeng/BuddyPlan/lib/storage.ts","statementMap":{"0":{"start":{"line":4,"column":20},"end":{"line":4,"column":40}},"1":{"start":{"line":5,"column":17},"end":{"line":5,"column":34}},"2":{"start":{"line":6,"column":21},"end":{"line":6,"column":42}},"3":{"start":{"line":9,"column":2},"end":{"line":9,"column":66}},"4":{"start":{"line":13,"column":14},"end":{"line":13,"column":53}},"5":{"start":{"line":14,"column":2},"end":{"line":14,"column":23}},"6":{"start":{"line":14,"column":12},"end":{"line":14,"column":23}},"7":{"start":{"line":15,"column":2},"end":{"line":19,"column":3}},"8":{"start":{"line":16,"column":4},"end":{"line":16,"column":41}},"9":{"start":{"line":18,"column":4},"end":{"line":18,"column":15}},"10":{"start":{"line":23,"column":2},"end":{"line":23,"column":60}},"11":{"start":{"line":27,"column":14},"end":{"line":27,"column":50}},"12":{"start":{"line":28,"column":2},"end":{"line":28,"column":23}},"13":{"start":{"line":28,"column":12},"end":{"line":28,"column":23}},"14":{"start":{"line":29,"column":2},"end":{"line":33,"column":3}},"15":{"start":{"line":30,"column":4},"end":{"line":30,"column":38}},"16":{"start":{"line":32,"column":4},"end":{"line":32,"column":15}},"17":{"start":{"line":37,"column":2},"end":{"line":37,"column":67}},"18":{"start":{"line":41,"column":14},"end":{"line":41,"column":54}},"19":{"start":{"line":42,"column":2},"end":{"line":42,"column":21}},"20":{"start":{"line":42,"column":12},"end":{"line":42,"column":21}},"21":{"start":{"line":43,"column":2},"end":{"line":47,"column":3}},"22":{"start":{"line":44,"column":4},"end":{"line":44,"column":53}},"23":{"start":{"line":46,"column":4},"end":{"line":46,"column":13}},"24":{"start":{"line":51,"column":2},"end":{"line":51,"column":71}}},"fnMap":{"0":{"name":"saveProfile","decl":{"start":{"line":8,"column":22},"end":{"line":8,"column":33}},"loc":{"start":{"line":8,"column":71},"end":{"line":10,"column":1}},"line":8},"1":{"name":"loadProfile","decl":{"start":{"line":12,"column":22},"end":{"line":12,"column":33}},"loc":{"start":{"line":12,"column":65},"end":{"line":20,"column":1}},"line":12},"2":{"name":"savePlan","decl":{"start":{"line":22,"column":22},"end":{"line":22,"column":30}},"loc":{"start":{"line":22,"column":62},"end":{"line":24,"column":1}},"line":22},"3":{"name":"loadPlan","decl":{"start":{"line":26,"column":22},"end":{"line":26,"column":30}},"loc":{"start":{"line":26,"column":59},"end":{"line":34,"column":1}},"line":26},"4":{"name":"saveShoppingChecked","decl":{"start":{"line":36,"column":22},"end":{"line":36,"column":41}},"loc":{"start":{"line":36,"column":91},"end":{"line":38,"column":1}},"line":36},"5":{"name":"loadShoppingChecked","decl":{"start":{"line":40,"column":22},"end":{"line":40,"column":41}},"loc":{"start":{"line":40,"column":78},"end":{"line":48,"column":1}},"line":40},"6":{"name":"clearAll","decl":{"start":{"line":50,"column":22},"end":{"line":50,"column":30}},"loc":{"start":{"line":50,"column":48},"end":{"line":52,"column":1}},"line":50}},"branchMap":{"0":{"loc":{"start":{"line":14,"column":2},"end":{"line":14,"column":23}},"type":"if","locations":[{"start":{"line":14,"column":2},"end":{"line":14,"column":23}},{"start":{},"end":{}}],"line":14},"1":{"loc":{"start":{"line":28,"column":2},"end":{"line":28,"column":23}},"type":"if","locations":[{"start":{"line":28,"column":2},"end":{"line":28,"column":23}},{"start":{},"end":{}}],"line":28},"2":{"loc":{"start":{"line":42,"column":2},"end":{"line":42,"column":21}},"type":"if","locations":[{"start":{"line":42,"column":2},"end":{"line":42,"column":21}},{"start":{},"end":{}}],"line":42}},"s":{"0":0,"1":0,"2":0,"3":0,"4":0,"5":0,"6":0,"7":0,"8":0,"9":0,"10":0,"11":0,"12":0,"13":0,"14":0,"15":0,"16":0,"17":0,"18":0,"19":0,"20":0,"21":0,"22":0,"23":0,"24":0},"f":{"0":0,"1":0,"2":0,"3":0,"4":0,"5":0,"6":0},"b":{"0":[0,0],"1":[0,0],"2":[0,0]}}
,"/Users/Taeng/BuddyPlan/lib/subscription.ts": {"path":"/Users/Taeng/BuddyPlan/lib/subscription.ts","statementMap":{"0":{"start":{"line":9,"column":27},"end":{"line":13,"column":1}},"1":{"start":{"line":15,"column":68},"end":{"line":19,"column":1}},"2":{"start":{"line":27,"column":15},"end":{"line":27,"column":37}},"3":{"start":{"line":28,"column":2},"end":{"line":28,"column":26}},"4":{"start":{"line":28,"column":13},"end":{"line":28,"column":26}},"5":{"start":{"line":30,"column":20},"end":{"line":30,"column":62}},"6":{"start":{"line":30,"column":56},"end":{"line":30,"column":61}},"7":{"start":{"line":31,"column":2},"end":{"line":31,"column":46}},"8":{"start":{"line":31,"column":30},"end":{"line":31,"column":46}},"9":{"start":{"line":32,"column":2},"end":{"line":32,"column":21}},"10":{"start":{"line":38,"column":12},"end":{"line":38,"column":22}},"11":{"start":{"line":39,"column":2},"end":{"line":39,"column":74}},"12":{"start":{"line":43,"column":13},"end":{"line":43,"column":31}},"13":{"start":{"line":44,"column":14},"end":{"line":44,"column":37}},"14":{"start":{"line":45,"column":2},"end":{"line":45,"column":74}},"15":{"start":{"line":45,"column":36},"end":{"line":45,"column":74}},"16":{"start":{"line":46,"column":2},"end":{"line":46,"column":65}},"17":{"start":{"line":50,"column":13},"end":{"line":50,"column":31}},"18":{"start":{"line":51,"column":14},"end":{"line":51,"column":37}},"19":{"start":{"line":52,"column":2},"end":{"line":56,"column":3}},"20":{"start":{"line":53,"column":4},"end":{"line":53,"column":32}},"21":{"start":{"line":55,"column":4},"end":{"line":55,"column":44}},"22":{"start":{"line":64,"column":14},"end":{"line":64,"column":52}},"23":{"start":{"line":65,"column":2},"end":{"line":73,"column":3}},"24":{"start":{"line":66,"column":4},"end":{"line":72,"column":5}},"25":{"start":{"line":67,"column":22},"end":{"line":67,"column":37}},"26":{"start":{"line":68,"column":6},"end":{"line":68,"column":30}},"27":{"start":{"line":69,"column":6},"end":{"line":69,"column":69}},"28":{"start":{"line":74,"column":19},"end":{"line":74,"column":48}},"29":{"start":{"line":75,"column":2},"end":{"line":77,"column":3}},"30":{"start":{"line":76,"column":4},"end":{"line":76,"column":105}},"31":{"start":{"line":76,"column":100},"end":{"line":76,"column":104}}},"fnMap":{"0":{"name":"getUserTier","decl":{"start":{"line":26,"column":22},"end":{"line":26,"column":33}},"loc":{"start":{"line":26,"column":70},"end":{"line":33,"column":1}},"line":26},"1":{"name":"(anonymous_1)","decl":{"start":{"line":30,"column":50},"end":{"line":30,"column":51}},"loc":{"start":{"line":30,"column":56},"end":{"line":30,"column":61}},"line":30},"2":{"name":"currentYearMonth","decl":{"start":{"line":37,"column":9},"end":{"line":37,"column":25}},"loc":{"start":{"line":37,"column":28},"end":{"line":40,"column":1}},"line":37},"3":{"name":"getRemainingRegens","decl":{"start":{"line":42,"column":22},"end":{"line":42,"column":40}},"loc":{"start":{"line":42,"column":60},"end":{"line":47,"column":1}},"line":42},"4":{"name":"incrementRegenCount","decl":{"start":{"line":49,"column":22},"end":{"line":49,"column":41}},"loc":{"start":{"line":49,"column":59},"end":{"line":57,"column":1}},"line":49},"5":{"name":"activatePremium","decl":{"start":{"line":63,"column":22},"end":{"line":63,"column":37}},"loc":{"start":{"line":63,"column":73},"end":{"line":78,"column":1}},"line":63},"6":{"name":"(anonymous_6)","decl":{"start":{"line":76,"column":94},"end":{"line":76,"column":95}},"loc":{"start":{"line":76,"column":100},"end":{"line":76,"column":104}},"line":76}},"branchMap":{"0":{"loc":{"start":{"line":28,"column":2},"end":{"line":28,"column":26}},"type":"if","locations":[{"start":{"line":28,"column":2},"end":{"line":28,"column":26}},{"start":{},"end":{}}],"line":28},"1":{"loc":{"start":{"line":31,"column":2},"end":{"line":31,"column":46}},"type":"if","locations":[{"start":{"line":31,"column":2},"end":{"line":31,"column":46}},{"start":{},"end":{}}],"line":31},"2":{"loc":{"start":{"line":31,"column":6},"end":{"line":31,"column":28}},"type":"binary-expr","locations":[{"start":{"line":31,"column":6},"end":{"line":31,"column":15}},{"start":{"line":31,"column":19},"end":{"line":31,"column":28}}],"line":31},"3":{"loc":{"start":{"line":45,"column":2},"end":{"line":45,"column":74}},"type":"if","locations":[{"start":{"line":45,"column":2},"end":{"line":45,"column":74}},{"start":{},"end":{}}],"line":45},"4":{"loc":{"start":{"line":45,"column":6},"end":{"line":45,"column":34}},"type":"binary-expr","locations":[{"start":{"line":45,"column":6},"end":{"line":45,"column":10}},{"start":{"line":45,"column":14},"end":{"line":45,"column":34}}],"line":45},"5":{"loc":{"start":{"line":52,"column":2},"end":{"line":56,"column":3}},"type":"if","locations":[{"start":{"line":52,"column":2},"end":{"line":56,"column":3}},{"start":{"line":54,"column":9},"end":{"line":56,"column":3}}],"line":52},"6":{"loc":{"start":{"line":52,"column":6},"end":{"line":52,"column":34}},"type":"binary-expr","locations":[{"start":{"line":52,"column":6},"end":{"line":52,"column":10}},{"start":{"line":52,"column":14},"end":{"line":52,"column":34}}],"line":52},"7":{"loc":{"start":{"line":65,"column":2},"end":{"line":73,"column":3}},"type":"if","locations":[{"start":{"line":65,"column":2},"end":{"line":73,"column":3}},{"start":{},"end":{}}],"line":65},"8":{"loc":{"start":{"line":75,"column":2},"end":{"line":77,"column":3}},"type":"if","locations":[{"start":{"line":75,"column":2},"end":{"line":77,"column":3}},{"start":{},"end":{}}],"line":75}},"s":{"0":1,"1":1,"2":4,"3":4,"4":1,"5":3,"6":0,"7":3,"8":2,"9":1,"10":4,"11":4,"12":3,"13":3,"14":3,"15":2,"16":1,"17":1,"18":1,"19":1,"20":0,"21":1,"22":0,"23":0,"24":0,"25":0,"26":0,"27":0,"28":0,"29":0,"30":0,"31":0},"f":{"0":4,"1":0,"2":4,"3":3,"4":1,"5":0,"6":0},"b":{"0":[1,3],"1":[2,1],"2":[3,2],"3":[2,1],"4":[3,2],"5":[0,1],"6":[1,1],"7":[0,0],"8":[0,0]},"_coverageSchema":"1a1c01bbd47fc00a2c39e90264f33305004495a9","hash":"3950263754e21539b386c3774e849779fc954ff6"}
}
