TN:
SF:hooks/useSubscription.ts
FN:15,useSubscription
FN:20,(anonymous_1)
FN:27,(anonymous_2)
FNF:3
FNH:0
FNDA:0,useSubscription
FNDA:0,(anonymous_1)
FNDA:0,(anonymous_2)
DA:16,0
DA:17,0
DA:18,0
DA:20,0
DA:21,0
DA:22,0
DA:23,0
DA:24,0
DA:27,0
DA:29,0
DA:30,0
DA:31,0
DA:33,0
LF:13
LH:0
BRDA:29,0,0,0
BRDA:29,0,1,0
BRF:2
BRH:0
end_of_record
TN:
SF:hooks/useThemeColors.ts
FN:7,useThemeColors
FN:9,(anonymous_1)
FNF:2
FNH:0
FNDA:0,useThemeColors
FNDA:0,(anonymous_1)
DA:8,0
DA:9,0
DA:10,0
DA:11,0
LF:4
LH:0
BRDA:10,0,0,0
BRDA:10,0,1,0
BRF:2
BRH:0
end_of_record
TN:
SF:lib/api-client.ts
FN:9,getAuthHeader
FN:15,request
FN:26,(anonymous_2)
FN:36,(anonymous_3)
FN:41,(anonymous_4)
FN:46,(anonymous_5)
FN:47,(anonymous_6)
FN:53,(anonymous_7)
FN:54,(anonymous_8)
FN:59,(anonymous_9)
FN:60,(anonymous_10)
FN:70,(anonymous_11)
FN:72,(anonymous_12)
FN:78,(anonymous_13)
FN:89,(anonymous_14)
FN:104,(anonymous_15)
FNF:16
FNH:0
FNDA:0,getAuthHeader
FNDA:0,request
FNDA:0,(anonymous_2)
FNDA:0,(anonymous_3)
FNDA:0,(anonymous_4)
FNDA:0,(anonymous_5)
FNDA:0,(anonymous_6)
FNDA:0,(anonymous_7)
FNDA:0,(anonymous_8)
FNDA:0,(anonymous_9)
FNDA:0,(anonymous_10)
FNDA:0,(anonymous_11)
FNDA:0,(anonymous_12)
FNDA:0,(anonymous_13)
FNDA:0,(anonymous_14)
FNDA:0,(anonymous_15)
DA:7,0
DA:10,0
DA:11,0
DA:12,0
DA:16,0
DA:17,0
DA:23,0
DA:25,0
DA:26,0
DA:27,0
DA:30,0
DA:35,0
DA:37,0
DA:42,0
DA:46,0
DA:47,0
DA:52,0
DA:53,0
DA:55,0
DA:59,0
DA:61,0
DA:69,0
DA:71,0
DA:72,0
DA:77,0
DA:85,0
DA:95,0
DA:103,0
DA:105,0
LF:29
LH:0
BRDA:7,0,0,0
BRDA:7,0,1,0
BRDA:12,1,0,0
BRDA:12,1,1,0
BRDA:15,2,0,0
BRDA:25,3,0,0
BRDA:25,3,1,0
BRDA:27,4,0,0
BRDA:27,4,1,0
BRDA:71,5,0,0
BRDA:71,5,1,0
BRF:11
BRH:0
end_of_record
TN:
SF:lib/auth.ts
FN:7,signUp
FN:17,signIn
FN:23,signOut
FN:28,getSession
FN:33,getCurrentUser
FN:38,signInWithProvider
FNF:6
FNH:0
FNDA:0,signUp
FNDA:0,signIn
FNDA:0,signOut
FNDA:0,getSession
FNDA:0,getCurrentUser
FNDA:0,signInWithProvider
DA:5,0
DA:8,0
DA:13,0
DA:14,0
DA:18,0
DA:19,0
DA:20,0
DA:24,0
DA:25,0
DA:29,0
DA:30,0
DA:34,0
DA:35,0
DA:39,0
DA:41,0
DA:49,0
DA:50,0
DA:52,0
DA:53,0
DA:55,0
DA:56,0
DA:58,0
DA:59,0
LF:23
LH:0
BRDA:13,0,0,0
BRDA:13,0,1,0
BRDA:19,1,0,0
BRDA:19,1,1,0
BRDA:25,2,0,0
BRDA:25,2,1,0
BRDA:49,3,0,0
BRDA:49,3,1,0
BRDA:50,4,0,0
BRDA:50,4,1,0
BRDA:53,5,0,0
BRDA:53,5,1,0
BRDA:56,6,0,0
BRDA:56,6,1,0
BRF:14
BRH:0
end_of_record
TN:
SF:lib/db.ts
FN:20,getUserId
FN:27,saveProfile
FN:41,(anonymous_2)
FN:44,loadProfile
FN:77,savePlan
FN:87,(anonymous_5)
FN:90,loadPlan
FN:117,saveShoppingChecked
FN:126,(anonymous_8)
FN:129,loadShoppingChecked
FN:155,upsertUserPref
FN:161,(anonymous_11)
FN:164,loadUserPrefs
FN:177,saveFavorites
FN:182,loadFavorites
FN:196,saveTheme
FN:201,loadTheme
FN:214,saveNotifPrefsDB
FN:219,loadNotifPrefsDB
FN:233,saveRegenRecord
FN:238,loadRegenRecord
FN:252,clearAll
FNF:22
FNH:0
FNDA:0,getUserId
FNDA:0,saveProfile
FNDA:0,(anonymous_2)
FNDA:0,loadProfile
FNDA:0,savePlan
FNDA:0,(anonymous_5)
FNDA:0,loadPlan
FNDA:0,saveShoppingChecked
FNDA:0,(anonymous_8)
FNDA:0,loadShoppingChecked
FNDA:0,upsertUserPref
FNDA:0,(anonymous_11)
FNDA:0,loadUserPrefs
FNDA:0,saveFavorites
FNDA:0,loadFavorites
FNDA:0,saveTheme
FNDA:0,loadTheme
FNDA:0,saveNotifPrefsDB
FNDA:0,loadNotifPrefsDB
FNDA:0,saveRegenRecord
FNDA:0,loadRegenRecord
FNDA:0,clearAll
DA:10,0
DA:11,0
DA:12,0
DA:13,0
DA:14,0
DA:15,0
DA:16,0
DA:21,0
DA:22,0
DA:28,0
DA:30,0
DA:31,0
DA:33,0
DA:41,0
DA:45,0
DA:47,0
DA:48,0
DA:49,0
DA:50,0
DA:59,0
DA:60,0
DA:66,0
DA:67,0
DA:68,0
DA:69,0
DA:71,0
DA:78,0
DA:80,0
DA:81,0
DA:84,0
DA:87,0
DA:91,0
DA:93,0
DA:94,0
DA:95,0
DA:96,0
DA:97,0
DA:98,0
DA:99,0
DA:106,0
DA:107,0
DA:108,0
DA:109,0
DA:111,0
DA:118,0
DA:120,0
DA:121,0
DA:123,0
DA:126,0
DA:130,0
DA:132,0
DA:133,0
DA:134,0
DA:135,0
DA:136,0
DA:143,0
DA:144,0
DA:145,0
DA:146,0
DA:148,0
DA:156,0
DA:157,0
DA:158,0
DA:161,0
DA:165,0
DA:166,0
DA:167,0
DA:168,0
DA:169,0
DA:171,0
DA:178,0
DA:179,0
DA:183,0
DA:184,0
DA:185,0
DA:186,0
DA:187,0
DA:189,0
DA:190,0
DA:191,0
DA:197,0
DA:198,0
DA:202,0
DA:203,0
DA:204,0
DA:205,0
DA:206,0
DA:208,0
DA:209,0
DA:215,0
DA:216,0
DA:220,0
DA:221,0
DA:222,0
DA:223,0
DA:224,0
DA:226,0
DA:227,0
DA:228,0
DA:234,0
DA:235,0
DA:239,0
DA:240,0
DA:241,0
DA:242,0
DA:243,0
DA:245,0
DA:246,0
DA:247,0
DA:253,0
LF:110
LH:0
BRDA:22,0,0,0
BRDA:22,0,1,0
BRDA:31,1,0,0
BRDA:31,1,1,0
BRDA:38,2,0,0
BRDA:38,2,1,0
BRDA:40,3,0,0
BRDA:40,3,1,0
BRDA:47,4,0,0
BRDA:47,4,1,0
BRDA:54,5,0,0
BRDA:54,5,1,0
BRDA:55,6,0,0
BRDA:55,6,1,0
BRDA:57,7,0,0
BRDA:57,7,1,0
BRDA:67,8,0,0
BRDA:67,8,1,0
BRDA:81,9,0,0
BRDA:81,9,1,0
BRDA:93,10,0,0
BRDA:93,10,1,0
BRDA:96,11,0,0
BRDA:96,11,1,0
BRDA:107,12,0,0
BRDA:107,12,1,0
BRDA:121,13,0,0
BRDA:121,13,1,0
BRDA:132,14,0,0
BRDA:132,14,1,0
BRDA:135,15,0,0
BRDA:135,15,1,0
BRDA:144,16,0,0
BRDA:144,16,1,0
BRDA:157,17,0,0
BRDA:157,17,1,0
BRDA:166,18,0,0
BRDA:166,18,1,0
BRDA:184,19,0,0
BRDA:184,19,1,0
BRDA:190,20,0,0
BRDA:190,20,1,0
BRDA:203,21,0,0
BRDA:203,21,1,0
BRDA:221,22,0,0
BRDA:221,22,1,0
BRDA:227,23,0,0
BRDA:227,23,1,0
BRDA:240,24,0,0
BRDA:240,24,1,0
BRDA:246,25,0,0
BRDA:246,25,1,0
BRF:52
BRH:0
end_of_record
TN:
SF:lib/mealdb.ts
FN:321,translateName
FN:325,(anonymous_1)
FN:329,translateIngredient
FN:334,(anonymous_3)
FN:338,extractIngredients
FN:347,jitter
FN:351,convertToMeal
FN:376,fetchAndCacheThaiMeals
FN:394,(anonymous_8)
FN:406,(anonymous_9)
FN:407,(anonymous_10)
FN:416,getCachedThaiMeals
FN:427,clearMealDbCache
FNF:13
FNH:0
FNDA:0,translateName
FNDA:0,(anonymous_1)
FNDA:0,translateIngredient
FNDA:0,(anonymous_3)
FNDA:0,extractIngredients
FNDA:0,jitter
FNDA:0,convertToMeal
FNDA:0,fetchAndCacheThaiMeals
FNDA:0,(anonymous_8)
FNDA:0,(anonymous_9)
FNDA:0,(anonymous_10)
FNDA:0,getCachedThaiMeals
FNDA:0,clearMealDbCache
DA:10,0
DA:11,0
DA:12,0
DA:30,0
DA:41,0
DA:52,0
DA:65,0
DA:134,0
DA:322,0
DA:324,0
DA:325,0
DA:326,0
DA:331,0
DA:333,0
DA:334,0
DA:335,0
DA:339,0
DA:340,0
DA:341,0
DA:342,0
DA:344,0
DA:348,0
DA:352,0
DA:353,0
DA:354,0
DA:355,0
DA:356,0
DA:358,0
DA:378,0
DA:379,0
DA:380,0
DA:381,0
DA:382,0
DA:387,0
DA:388,0
DA:389,0
DA:392,0
DA:393,0
DA:395,0
DA:396,0
DA:397,0
DA:398,0
DA:400,0
DA:405,0
DA:406,0
DA:407,0
DA:409,0
DA:410,0
DA:413,0
DA:417,0
DA:418,0
DA:419,0
DA:420,0
DA:421,0
DA:424,0
DA:428,0
LF:56
LH:0
BRDA:322,0,0,0
BRDA:322,0,1,0
BRDA:326,1,0,0
BRDA:326,1,1,0
BRDA:331,2,0,0
BRDA:331,2,1,0
BRDA:335,3,0,0
BRDA:335,3,1,0
BRDA:342,4,0,0
BRDA:342,4,1,0
BRDA:342,5,0,0
BRDA:342,5,1,0
BRDA:352,6,0,0
BRDA:352,6,1,0
BRDA:353,7,0,0
BRDA:353,7,1,0
BRDA:354,8,0,0
BRDA:354,8,1,0
BRDA:355,9,0,0
BRDA:355,9,1,0
BRDA:356,10,0,0
BRDA:356,10,1,0
BRDA:360,11,0,0
BRDA:360,11,1,0
BRDA:370,12,0,0
BRDA:370,12,1,0
BRDA:380,13,0,0
BRDA:380,13,1,0
BRDA:382,14,0,0
BRDA:382,14,1,0
BRDA:389,15,0,0
BRDA:389,15,1,0
BRDA:419,16,0,0
BRDA:419,16,1,0
BRDA:421,17,0,0
BRDA:421,17,1,0
BRF:36
BRH:0
end_of_record
TN:
SF:lib/meals-db.ts
FN:67,getMealsByType
FN:68,(anonymous_1)
FNF:2
FNH:0
FNDA:0,getMealsByType
FNDA:0,(anonymous_1)
DA:4,1
DA:68,0
LF:2
LH:1
BRF:0
BRH:0
end_of_record
TN:
SF:lib/notifications.ts
FN:34,(anonymous_0)
FN:43,requestPermission
FN:54,loadNotifPrefs
FN:60,saveNotifPrefs
FN:64,scheduleAll
FNF:5
FNH:0
FNDA:0,(anonymous_0)
FNDA:0,requestPermission
FNDA:0,loadNotifPrefs
FNDA:0,saveNotifPrefs
FNDA:0,scheduleAll
DA:19,0
DA:33,0
DA:34,0
DA:44,0
DA:45,0
DA:50,0
DA:51,0
DA:55,0
DA:56,0
DA:57,0
DA:61,0
DA:65,0
DA:66,0
DA:68,0
DA:74,0
DA:80,0
DA:81,0
DA:82,0
DA:95,0
DA:96,0
LF:20
LH:0
BRDA:44,0,0,0
BRDA:44,0,1,0
BRDA:56,1,0,0
BRDA:56,1,1,0
BRDA:66,2,0,0
BRDA:66,2,1,0
BRDA:81,3,0,0
BRDA:81,3,1,0
BRDA:95,4,0,0
BRDA:95,4,1,0
BRF:10
BRH:0
end_of_record
TN:
SF:lib/planner.ts
FN:4,shuffle
FN:13,buildShoppingList
FN:59,(anonymous_2)
FN:68,generateWeekPlan
FN:72,getMealsForUserEx
FN:73,(anonymous_5)
FN:75,(anonymous_6)
FN:75,(anonymous_7)
FN:83,(anonymous_8)
FN:84,(anonymous_9)
FN:85,(anonymous_10)
FN:108,(anonymous_11)
FN:114,(anonymous_12)
FN:125,(anonymous_13)
FN:130,(anonymous_14)
FN:136,getAlternatives
FN:145,(anonymous_16)
FN:147,(anonymous_17)
FN:151,(anonymous_18)
FN:151,(anonymous_19)
FN:153,(anonymous_20)
FN:160,(anonymous_21)
FN:161,(anonymous_22)
FN:164,swapMeal
FN:170,(anonymous_24)
FN:179,(anonymous_25)
FN:181,(anonymous_26)
FN:194,getDayName
FNF:28
FNH:10
FNDA:15,shuffle
FNDA:5,buildShoppingList
FNDA:161,(anonymous_2)
FNDA:5,generateWeekPlan
FNDA:15,getMealsForUserEx
FNDA:240,(anonymous_5)
FNDA:0,(anonymous_6)
FNDA:0,(anonymous_7)
FNDA:0,(anonymous_8)
FNDA:0,(anonymous_9)
FNDA:0,(anonymous_10)
FNDA:35,(anonymous_11)
FNDA:0,(anonymous_12)
FNDA:35,(anonymous_13)
FNDA:35,(anonymous_14)
FNDA:0,getAlternatives
FNDA:0,(anonymous_16)
FNDA:0,(anonymous_17)
FNDA:0,(anonymous_18)
FNDA:0,(anonymous_19)
FNDA:0,(anonymous_20)
FNDA:0,(anonymous_21)
FNDA:0,(anonymous_22)
FNDA:0,swapMeal
FNDA:0,(anonymous_24)
FNDA:0,(anonymous_25)
FNDA:0,(anonymous_26)
FNDA:3,getDayName
DA:5,15
DA:6,15
DA:7,65
DA:8,65
DA:10,15
DA:14,5
DA:16,5
DA:33,5
DA:43,5
DA:44,35
DA:45,35
DA:46,105
DA:47,295
DA:48,161
DA:54,295
DA:59,161
DA:69,5
DA:70,5
DA:73,240
DA:74,15
DA:75,0
DA:78,5
DA:79,5
DA:80,5
DA:83,5
DA:84,5
DA:85,5
DA:87,5
DA:88,5
DA:90,5
DA:91,35
DA:92,35
DA:94,35
DA:95,35
DA:96,35
DA:98,35
DA:108,35
DA:111,5
DA:112,0
DA:113,0
DA:114,0
DA:115,0
DA:116,0
DA:117,0
DA:118,0
DA:119,0
DA:124,5
DA:125,35
DA:127,5
DA:130,35
DA:143,0
DA:144,0
DA:145,0
DA:147,0
DA:149,0
DA:151,0
DA:152,0
DA:154,0
DA:160,0
DA:161,0
DA:170,0
DA:171,0
DA:172,0
DA:173,0
DA:175,0
DA:177,0
DA:179,0
DA:180,0
DA:181,0
DA:183,0
DA:192,1
DA:195,3
DA:196,3
DA:197,3
DA:198,3
LF:75
LH:46
BRDA:47,0,0,161
BRDA:47,0,1,134
BRDA:50,1,0,161
BRDA:50,1,1,76
BRDA:51,2,0,161
BRDA:51,2,1,52
BRDA:62,3,0,5
BRDA:62,3,1,156
BRDA:62,4,0,84
BRDA:62,4,1,72
BRDA:68,5,0,0
BRDA:74,6,0,15
BRDA:74,6,1,0
BRDA:83,7,0,0
BRDA:83,7,1,5
BRDA:84,8,0,0
BRDA:84,8,1,5
BRDA:85,9,0,0
BRDA:85,9,1,5
BRDA:111,10,0,0
BRDA:111,10,1,5
BRDA:112,11,0,0
BRDA:112,11,1,0
BRDA:115,12,0,0
BRDA:115,12,1,0
BRDA:141,13,0,0
BRDA:149,14,0,0
BRDA:149,14,1,0
BRDA:154,15,0,0
BRDA:154,15,1,0
BRDA:154,15,2,0
BRDA:154,15,3,0
BRDA:160,16,0,0
BRDA:160,16,1,0
BRDA:171,17,0,0
BRDA:171,17,1,0
BRDA:197,18,0,1
BRDA:197,18,1,2
BRF:38
BRH:17
end_of_record
TN:
SF:lib/storage.ts
FN:8,saveProfile
FN:12,loadProfile
FN:22,savePlan
FN:26,loadPlan
FN:36,saveShoppingChecked
FN:40,loadShoppingChecked
FN:50,clearAll
FNF:7
FNH:0
FNDA:0,saveProfile
FNDA:0,loadProfile
FNDA:0,savePlan
FNDA:0,loadPlan
FNDA:0,saveShoppingChecked
FNDA:0,loadShoppingChecked
FNDA:0,clearAll
DA:4,0
DA:5,0
DA:6,0
DA:9,0
DA:13,0
DA:14,0
DA:15,0
DA:16,0
DA:18,0
DA:23,0
DA:27,0
DA:28,0
DA:29,0
DA:30,0
DA:32,0
DA:37,0
DA:41,0
DA:42,0
DA:43,0
DA:44,0
DA:46,0
DA:51,0
LF:22
LH:0
BRDA:14,0,0,0
BRDA:14,0,1,0
BRDA:28,1,0,0
BRDA:28,1,1,0
BRDA:42,2,0,0
BRDA:42,2,1,0
BRF:6
BRH:0
end_of_record
TN:
SF:lib/subscription.ts
FN:26,getUserTier
FN:30,(anonymous_1)
FN:37,currentYearMonth
FN:42,getRemainingRegens
FN:49,incrementRegenCount
FN:63,activatePremium
FN:76,(anonymous_6)
FNF:7
FNH:4
FNDA:4,getUserTier
FNDA:0,(anonymous_1)
FNDA:4,currentYearMonth
FNDA:3,getRemainingRegens
FNDA:1,incrementRegenCount
FNDA:0,activatePremium
FNDA:0,(anonymous_6)
DA:9,1
DA:15,1
DA:27,4
DA:28,4
DA:30,3
DA:31,3
DA:32,1
DA:38,4
DA:39,4
DA:43,3
DA:44,3
DA:45,3
DA:46,1
DA:50,1
DA:51,1
DA:52,1
DA:53,0
DA:55,1
DA:64,0
DA:65,0
DA:66,0
DA:67,0
DA:68,0
DA:69,0
DA:74,0
DA:75,0
DA:76,0
LF:27
LH:17
BRDA:28,0,0,1
BRDA:28,0,1,3
BRDA:31,1,0,2
BRDA:31,1,1,1
BRDA:31,2,0,3
BRDA:31,2,1,2
BRDA:45,3,0,2
BRDA:45,3,1,1
BRDA:45,4,0,3
BRDA:45,4,1,2
BRDA:52,5,0,0
BRDA:52,5,1,1
BRDA:52,6,0,1
BRDA:52,6,1,1
BRDA:65,7,0,0
BRDA:65,7,1,0
BRDA:75,8,0,0
BRDA:75,8,1,0
BRF:18
BRH:13
end_of_record
